<?xml version="1.0" encoding="UTF-8"?>
<testsuite xmlns:xsi="http://www.w3.org/2001/XMLSchema-instance" xsi:noNamespaceSchemaLocation="https://maven.apache.org/surefire/maven-surefire-plugin/xsd/surefire-test-report-3.0.xsd" version="3.0" name="nttdata.personal.julius.api.api.domain.model.UserTest" time="0.018" tests="5" errors="0" skipped="0" failures="0">
  <properties>
[...]
</properties>
  <testcase name="shouldThrowExceptionForInvalidEmail" classname="nttdata.personal.julius.api.api.domain.model.UserTest" time="0.002"/>
  <testcase name="shouldThrowExceptionForInvalidCpf" classname="nttdata.personal.julius.api.api.domain.model.UserTest" time="0.001"/>
  <testcase name="shouldDeactivateUser" classname="nttdata.personal.julius.api.api.domain.model.UserTest" time="0.001"/>
  <testcase name="shouldCreateUser" classname="nttdata.personal.julius.api.api.domain.model.UserTest" time="0.005"/>
  <testcase name="shouldThrowExceptionForEmptyName" classname="nttdata.personal.julius.api.api.domain.model.UserTest" time="0.002"/>
</testsuite>