<?xml version="1.0" encoding="UTF-8"?>
<testsuite xmlns:xsi="http://www.w3.org/2001/XMLSchema-instance" xsi:noNamespaceSchemaLocation="https://maven.apache.org/surefire/maven-surefire-plugin/xsd/surefire-test-report-3.0.xsd" version="3.0" name="nttdata.personal.julius.api.MsProcessorApplicationTests" time="4.907" tests="1" errors="0" skipped="0" failures="0">
  <properties>
[...]
</properties>
  <testcase name="contextLoads" classname="nttdata.personal.julius.api.MsProcessorApplicationTests" time="0.168">
    <system-out><![CDATA[19:18:07.778 [main] INFO org.springframework.test.context.support.AnnotationConfigContextLoaderUtils -- Could not detect default configuration classes for test class [nttdata.personal.julius.api.MsProcessorApplicationTests]: MsProcessorApplicationTests does not declare any static, non-private, non-final, nested classes annotated with @Configuration.
19:18:07.888 [main] INFO org.springframework.boot.test.context.SpringBootTestContextBootstrapper -- Found @SpringBootConfiguration nttdata.personal.julius.api.MsProcessorApplication for test class nttdata.personal.julius.api.MsProcessorApplicationTests

  .   ____          _            __ _ _
 /\\ / ___'_ __ _ _(_)_ __  __ _ \ \ \ \
( ( )\___ | '_ | '_| | '_ \/ _` | \ \ \ \
 \\/  ___)| |_)| | | | | || (_| |  ) ) ) )
  '  |____| .__|_| |_|_| |_\__, | / / / /
 =========|_|==============|___/=/_/_/_/

 :: Spring Boot ::                (v4.0.1)

2026-01-29T19:18:08.571-03:00  INFO 36800 --- [ms-processor] [           main] o.a.k.server.logger.LoggingController    : No supported logging implementation found. Logging configuration endpoint will be disabled.
2026-01-29T19:18:08.649-03:00  INFO 36800 --- [ms-processor] [           main] k.utils.Log4jControllerRegistration$     : Registered `kafka:type=kafka.Log4jController` MBean
Formatting metadata directory C:\Users\isa\AppData\Local\Temp\kafka-17372133619427575320\combined_0_0 with metadata.version 4.2-IV1.
2026-01-29T19:18:08.975-03:00  INFO 36800 --- [ms-processor] [ster-test-kit-3] kafka.server.ControllerServer            : [ControllerServer id=0] Starting controller
2026-01-29T19:18:08.976-03:00  INFO 36800 --- [ms-processor] [ster-test-kit-4] kafka.server.BrokerServer                : [BrokerServer id=0] Transition from SHUTDOWN to STARTING
2026-01-29T19:18:08.979-03:00  INFO 36800 --- [ms-processor] [ster-test-kit-4] kafka.server.SharedServer                : [SharedServer id=0] Starting SharedServer
2026-01-29T19:18:09.074-03:00  INFO 36800 --- [ms-processor] [ster-test-kit-4] o.a.k.storage.internals.log.UnifiedLog   : [LogLoader partition=__cluster_metadata-0, dir=C:\Users\isa\AppData\Local\Temp\kafka-17372133619427575320\combined_0_0] Loading producer state till offset 0
2026-01-29T19:18:09.075-03:00  INFO 36800 --- [ms-processor] [ster-test-kit-4] o.a.k.storage.internals.log.UnifiedLog   : [LogLoader partition=__cluster_metadata-0, dir=C:\Users\isa\AppData\Local\Temp\kafka-17372133619427575320\combined_0_0] Reloading from producer snapshot and rebuilding producer state from offset 0
2026-01-29T19:18:09.075-03:00  INFO 36800 --- [ms-processor] [ster-test-kit-4] o.a.k.storage.internals.log.UnifiedLog   : [LogLoader partition=__cluster_metadata-0, dir=C:\Users\isa\AppData\Local\Temp\kafka-17372133619427575320\combined_0_0] Producer state recovery took 0ms for snapshot load and 0ms for segment recovery from offset 0
2026-01-29T19:18:09.098-03:00  INFO 36800 --- [ms-processor] [ster-test-kit-4] kafka.raft.KafkaMetadataLog$             : Initialized snapshots with IDs SortedSet() from C:\Users\isa\AppData\Local\Temp\kafka-17372133619427575320\combined_0_0\__cluster_metadata-0
2026-01-29T19:18:09.152-03:00  INFO 36800 --- [ms-processor] [piration-reaper] ExpirationService$ExpiredOperationReaper : [raft-expiration-reaper]: Starting
2026-01-29T19:18:09.172-03:00  INFO 36800 --- [ms-processor] [ster-test-kit-4] org.apache.kafka.raft.KafkaRaftClient    : [RaftManager id=0] Reading KRaft snapshot and log as part of the initialization
2026-01-29T19:18:09.176-03:00  INFO 36800 --- [ms-processor] [ster-test-kit-4] org.apache.kafka.raft.KafkaRaftClient    : [RaftManager id=0] Starting voters are VoterSet(voters={0=VoterNode(voterKey=ReplicaKey(id=0, directoryId=<undefined>), listeners=Endpoints(endpoints={ListenerName(CONTROLLER)=localhost/127.0.0.1:55705}), supportedKRaftVersion=SupportedVersionRange[min_version:0, max_version:0])})
2026-01-29T19:18:09.182-03:00  INFO 36800 --- [ms-processor] [ster-test-kit-4] org.apache.kafka.raft.KafkaRaftClient    : [RaftManager id=0] Starting request manager with static voters: [localhost:55705 (id: 0 rack: null isFenced: false)]
2026-01-29T19:18:09.187-03:00  INFO 36800 --- [ms-processor] [ster-test-kit-4] org.apache.kafka.raft.QuorumState        : [RaftManager id=0] Attempting durable transition to UnattachedState(epoch=0, leaderId=OptionalInt.empty, votedKey=Optional.empty, voters=[0], electionTimeoutMs=1666, highWatermark=Optional.empty) from null
2026-01-29T19:18:09.209-03:00  INFO 36800 --- [ms-processor] [ster-test-kit-4] org.apache.kafka.raft.QuorumState        : [RaftManager id=0] Completed transition to UnattachedState(epoch=0, leaderId=OptionalInt.empty, votedKey=Optional.empty, voters=[0], electionTimeoutMs=1666, highWatermark=Optional.empty) from null
2026-01-29T19:18:09.213-03:00  INFO 36800 --- [ms-processor] [ster-test-kit-4] org.apache.kafka.raft.QuorumState        : [RaftManager id=0] Completed transition to ProspectiveState(epoch=0, leaderId=OptionalInt.empty, votedKey=Optional.empty, epochElection=EpochElection(voterStates={0=VoterState(replicaKey=ReplicaKey(id=0, directoryId=<undefined>), state=GRANTED)}), electionTimeoutMs=1291, highWatermark=Optional.empty) from UnattachedState(epoch=0, leaderId=OptionalInt.empty, votedKey=Optional.empty, voters=[0], electionTimeoutMs=1666, highWatermark=Optional.empty)
2026-01-29T19:18:09.214-03:00  INFO 36800 --- [ms-processor] [ster-test-kit-4] org.apache.kafka.raft.QuorumState        : [RaftManager id=0] Attempting durable transition to CandidateState(localId=0, localDirectoryId=3bxzTNddNxwRuVIsYH0HSQ, epoch=1, epochElection=EpochElection(voterStates={0=VoterState(replicaKey=ReplicaKey(id=0, directoryId=<undefined>), state=GRANTED)}), highWatermark=Optional.empty, electionTimeoutMs=1853) from ProspectiveState(epoch=0, leaderId=OptionalInt.empty, votedKey=Optional.empty, epochElection=EpochElection(voterStates={0=VoterState(replicaKey=ReplicaKey(id=0, directoryId=<undefined>), state=GRANTED)}), electionTimeoutMs=1291, highWatermark=Optional.empty)
2026-01-29T19:18:09.218-03:00  INFO 36800 --- [ms-processor] [ster-test-kit-4] org.apache.kafka.raft.QuorumState        : [RaftManager id=0] Completed transition to CandidateState(localId=0, localDirectoryId=3bxzTNddNxwRuVIsYH0HSQ, epoch=1, epochElection=EpochElection(voterStates={0=VoterState(replicaKey=ReplicaKey(id=0, directoryId=<undefined>), state=GRANTED)}), highWatermark=Optional.empty, electionTimeoutMs=1853) from ProspectiveState(epoch=0, leaderId=OptionalInt.empty, votedKey=Optional.empty, epochElection=EpochElection(voterStates={0=VoterState(replicaKey=ReplicaKey(id=0, directoryId=<undefined>), state=GRANTED)}), electionTimeoutMs=1291, highWatermark=Optional.empty)
2026-01-29T19:18:09.221-03:00  INFO 36800 --- [ms-processor] [ster-test-kit-4] org.apache.kafka.raft.QuorumState        : [RaftManager id=0] Attempting durable transition to Leader(localVoterNode=VoterNode(voterKey=ReplicaKey(id=0, directoryId=3bxzTNddNxwRuVIsYH0HSQ), listeners=Endpoints(endpoints={}), supportedKRaftVersion=SupportedVersionRange[min_version:0, max_version:1]), epoch=1, epochStartOffset=0, highWatermark=Optional.empty, voterStates={0=ReplicaState(replicaKey=ReplicaKey(id=0, directoryId=<undefined>), endOffset=Optional.empty, lastFetchTimestamp=-1, lastCaughtUpTimestamp=-1, hasAcknowledgedLeader=true)}) from CandidateState(localId=0, localDirectoryId=3bxzTNddNxwRuVIsYH0HSQ, epoch=1, epochElection=EpochElection(voterStates={0=VoterState(replicaKey=ReplicaKey(id=0, directoryId=<undefined>), state=GRANTED)}), highWatermark=Optional.empty, electionTimeoutMs=1853)
2026-01-29T19:18:09.224-03:00  INFO 36800 --- [ms-processor] [ster-test-kit-4] org.apache.kafka.raft.QuorumState        : [RaftManager id=0] Completed transition to Leader(localVoterNode=VoterNode(voterKey=ReplicaKey(id=0, directoryId=3bxzTNddNxwRuVIsYH0HSQ), listeners=Endpoints(endpoints={}), supportedKRaftVersion=SupportedVersionRange[min_version:0, max_version:1]), epoch=1, epochStartOffset=0, highWatermark=Optional.empty, voterStates={0=ReplicaState(replicaKey=ReplicaKey(id=0, directoryId=<undefined>), endOffset=Optional.empty, lastFetchTimestamp=-1, lastCaughtUpTimestamp=-1, hasAcknowledgedLeader=true)}) from CandidateState(localId=0, localDirectoryId=3bxzTNddNxwRuVIsYH0HSQ, epoch=1, epochElection=EpochElection(voterStates={0=VoterState(replicaKey=ReplicaKey(id=0, directoryId=<undefined>), state=GRANTED)}), highWatermark=Optional.empty, electionTimeoutMs=1853)
2026-01-29T19:18:09.235-03:00  INFO 36800 --- [ms-processor] [-raft-io-thread] o.a.kafka.raft.KafkaRaftClientDriver     : [kafka-0-raft-io-thread]: Starting
2026-01-29T19:18:09.235-03:00  INFO 36800 --- [ms-processor] [-request-thread] o.a.k.r.KafkaNetworkChannel$SendThread   : [kafka-0-raft-outbound-request-thread]: Starting
2026-01-29T19:18:09.262-03:00  INFO 36800 --- [ms-processor] [r-event-handler] o.a.kafka.image.loader.MetadataLoader    : [MetadataLoader id=0] initializeNewPublishers: the loader is still catching up because we still don't know the high water mark yet.
2026-01-29T19:18:09.263-03:00  INFO 36800 --- [ms-processor] [ster-test-kit-4] kafka.server.BrokerServer                : [BrokerServer id=0] Starting broker
2026-01-29T19:18:09.269-03:00  INFO 36800 --- [ms-processor] [-raft-io-thread] org.apache.kafka.raft.LeaderState        : [RaftManager id=0] High watermark set to LogOffsetMetadata(offset=1, metadata=Optional[(segmentBaseOffset=0,relativePositionInSegment=91)]) for the first time for epoch 1 based on indexOfHw 0 and voters [ReplicaState(replicaKey=ReplicaKey(id=0, directoryId=<undefined>), endOffset=Optional[LogOffsetMetadata(offset=1, metadata=Optional[(segmentBaseOffset=0,relativePositionInSegment=91)])], lastFetchTimestamp=-1, lastCaughtUpTimestamp=-1, hasAcknowledgedLeader=true)]
2026-01-29T19:18:09.280-03:00  INFO 36800 --- [ms-processor] [lReaper-Produce] lientQuotaManager$ThrottledChannelReaper : [broker-0-ThrottledChannelReaper-Produce]: Starting
2026-01-29T19:18:09.280-03:00  INFO 36800 --- [ms-processor] [nelReaper-Fetch] lientQuotaManager$ThrottledChannelReaper : [broker-0-ThrottledChannelReaper-Fetch]: Starting
2026-01-29T19:18:09.281-03:00  INFO 36800 --- [ms-processor] [lReaper-Request] lientQuotaManager$ThrottledChannelReaper : [broker-0-ThrottledChannelReaper-Request]: Starting
2026-01-29T19:18:09.281-03:00  INFO 36800 --- [ms-processor] [-raft-io-thread] org.apache.kafka.raft.KafkaRaftClient    : [RaftManager id=0] Registered the listener org.apache.kafka.image.loader.MetadataLoader@1883318555
2026-01-29T19:18:09.282-03:00  INFO 36800 --- [ms-processor] [-raft-io-thread] org.apache.kafka.raft.KafkaRaftClient    : [RaftManager id=0] Setting the next offset of org.apache.kafka.image.loader.MetadataLoader@1883318555 to 0 since there are no snapshots
2026-01-29T19:18:09.282-03:00  INFO 36800 --- [ms-processor] [trollerMutation] lientQuotaManager$ThrottledChannelReaper : [broker-0-ThrottledChannelReaper-ControllerMutation]: Starting
2026-01-29T19:18:09.286-03:00  INFO 36800 --- [ms-processor] [r-event-handler] o.a.kafka.image.loader.MetadataLoader    : [MetadataLoader id=0] maybePublishMetadata(LOG_DELTA): The loader is still catching up because we have not loaded a controller record as of offset 0 and high water mark is 1
2026-01-29T19:18:09.326-03:00  INFO 36800 --- [ms-processor] [ster-test-kit-4] kafka.server.BrokerServer                : [BrokerServer id=0] Waiting for controller quorum voters future
2026-01-29T19:18:09.326-03:00  INFO 36800 --- [ms-processor] [ster-test-kit-4] kafka.server.BrokerServer                : [BrokerServer id=0] Finished waiting for controller quorum voters future
2026-01-29T19:18:09.338-03:00  INFO 36800 --- [ms-processor] [channel-manager] k.server.NodeToControllerRequestThread   : [broker-0-to-controller-forwarding-channel-manager]: Starting
2026-01-29T19:18:09.339-03:00  INFO 36800 --- [ms-processor] [channel-manager] k.server.NodeToControllerRequestThread   : [broker-0-to-controller-forwarding-channel-manager]: Recorded new KRaft controller, from now on will use node localhost:55705 (id: 0 rack: null isFenced: false)
2026-01-29T19:18:09.345-03:00  INFO 36800 --- [ms-processor] [-metrics-reaper] o.a.k.s.u.t.SystemTimerReaper$Reaper     : [client-metrics-reaper]: Starting
2026-01-29T19:18:09.377-03:00  INFO 36800 --- [ms-processor] [r-event-handler] o.a.kafka.image.loader.MetadataLoader    : [MetadataLoader id=0] initializeNewPublishers: The loader is still catching up because we have not loaded a controller record as of offset 0 and high water mark is 1
2026-01-29T19:18:09.417-03:00  INFO 36800 --- [ms-processor] [ster-test-kit-4] kafka.network.ConnectionQuotas           : Updated connection-accept-rate max connection creation rate to 2147483647
2026-01-29T19:18:09.417-03:00  INFO 36800 --- [ms-processor] [ster-test-kit-3] kafka.network.ConnectionQuotas           : Updated connection-accept-rate max connection creation rate to 2147483647
2026-01-29T19:18:09.420-03:00  INFO 36800 --- [ms-processor] [ster-test-kit-4] kafka.network.DataPlaneAcceptor          : Awaiting socket connections on localhost:55706.
2026-01-29T19:18:09.420-03:00  INFO 36800 --- [ms-processor] [ster-test-kit-3] kafka.network.DataPlaneAcceptor          : Awaiting socket connections on localhost:55705.
2026-01-29T19:18:09.421-03:00  INFO 36800 --- [ms-processor] [ster-test-kit-3] kafka.network.DataPlaneAcceptor          : Opened wildcard endpoint localhost:55705
2026-01-29T19:18:09.421-03:00  INFO 36800 --- [ms-processor] [ster-test-kit-4] kafka.network.DataPlaneAcceptor          : Opened wildcard endpoint localhost:55706
2026-01-29T19:18:09.446-03:00  INFO 36800 --- [ms-processor] [ster-test-kit-4] kafka.network.SocketServer               : [SocketServer listenerType=BROKER, nodeId=0] Created data-plane acceptor and processors for endpoint : ListenerName(EXTERNAL)
2026-01-29T19:18:09.446-03:00  INFO 36800 --- [ms-processor] [ster-test-kit-3] kafka.network.SocketServer               : [SocketServer listenerType=CONTROLLER, nodeId=0] Created data-plane acceptor and processors for endpoint : ListenerName(CONTROLLER)
2026-01-29T19:18:09.448-03:00  INFO 36800 --- [ms-processor] [ster-test-kit-4] org.apache.kafka.metadata.ListenerInfo   : EXTERNAL: resolved ephemeral port to 55706
2026-01-29T19:18:09.448-03:00  INFO 36800 --- [ms-processor] [ster-test-kit-3] org.apache.kafka.metadata.ListenerInfo   : CONTROLLER: resolved ephemeral port to 55705
2026-01-29T19:18:09.453-03:00  INFO 36800 --- [ms-processor] [ster-test-kit-3] o.a.k.s.network.EndpointReadyFutures     : authorizerStart completed for endpoint CONTROLLER. Endpoint is now READY.
2026-01-29T19:18:09.453-03:00  INFO 36800 --- [ms-processor] [ster-test-kit-3] kafka.server.ControllerServer            : [ControllerServer id=0] Waiting for controller quorum voters future
2026-01-29T19:18:09.454-03:00  INFO 36800 --- [ms-processor] [ster-test-kit-3] kafka.server.ControllerServer            : [ControllerServer id=0] Finished waiting for controller quorum voters future
2026-01-29T19:18:09.454-03:00  INFO 36800 --- [ms-processor] [channel-manager] k.server.NodeToControllerRequestThread   : [broker-0-to-controller-alter-partition-channel-manager]: Starting
2026-01-29T19:18:09.454-03:00  INFO 36800 --- [ms-processor] [channel-manager] k.server.NodeToControllerRequestThread   : [broker-0-to-controller-alter-partition-channel-manager]: Recorded new KRaft controller, from now on will use node localhost:55705 (id: 0 rack: null isFenced: false)
2026-01-29T19:18:09.464-03:00  INFO 36800 --- [ms-processor] [channel-manager] k.server.NodeToControllerRequestThread   : [broker-0-to-controller-directory-assignments-channel-manager]: Starting
2026-01-29T19:18:09.464-03:00  INFO 36800 --- [ms-processor] [channel-manager] k.server.NodeToControllerRequestThread   : [broker-0-to-controller-directory-assignments-channel-manager]: Recorded new KRaft controller, from now on will use node localhost:55705 (id: 0 rack: null isFenced: false)
2026-01-29T19:18:09.482-03:00  INFO 36800 --- [ms-processor] [eaper-0-Produce] perationPurgatory$ExpiredOperationReaper : [ExpirationReaper-0-Produce]: Starting
2026-01-29T19:18:09.482-03:00  INFO 36800 --- [ms-processor] [nReaper-0-Fetch] perationPurgatory$ExpiredOperationReaper : [ExpirationReaper-0-Fetch]: Starting
2026-01-29T19:18:09.483-03:00  INFO 36800 --- [ms-processor] [0-DeleteRecords] perationPurgatory$ExpiredOperationReaper : [ExpirationReaper-0-DeleteRecords]: Starting
2026-01-29T19:18:09.483-03:00  INFO 36800 --- [ms-processor] [r-0-RemoteFetch] perationPurgatory$ExpiredOperationReaper : [ExpirationReaper-0-RemoteFetch]: Starting
2026-01-29T19:18:09.484-03:00  INFO 36800 --- [ms-processor] [moteListOffsets] perationPurgatory$ExpiredOperationReaper : [ExpirationReaper-0-RemoteListOffsets]: Starting
2026-01-29T19:18:09.485-03:00  INFO 36800 --- [ms-processor] [er-0-ShareFetch] perationPurgatory$ExpiredOperationReaper : [ExpirationReaper-0-ShareFetch]: Starting
2026-01-29T19:18:09.487-03:00  INFO 36800 --- [ms-processor] [r-event-handler] o.a.kafka.image.loader.MetadataLoader    : [MetadataLoader id=0] initializeNewPublishers: The loader is still catching up because we have not loaded a controller record as of offset 0 and high water mark is 1
2026-01-29T19:18:09.497-03:00  INFO 36800 --- [ms-processor] [ster-test-kit-3] o.a.k.c.PeriodicTaskControlManager       : [QuorumController id=0] Registering periodic task writeNoOpRecord to run every 500 ms
2026-01-29T19:18:09.498-03:00  INFO 36800 --- [ms-processor] [ster-test-kit-3] o.a.k.c.PeriodicTaskControlManager       : [QuorumController id=0] Registering periodic task maybeFenceStaleBroker to run every 1125 ms
2026-01-29T19:18:09.498-03:00  INFO 36800 --- [ms-processor] [ster-test-kit-3] o.a.k.c.PeriodicTaskControlManager       : [QuorumController id=0] Registering periodic task electPreferred to run every 300000 ms
2026-01-29T19:18:09.498-03:00  INFO 36800 --- [ms-processor] [ster-test-kit-3] o.a.k.c.PeriodicTaskControlManager       : [QuorumController id=0] Registering periodic task electUnclean to run every 300000 ms
2026-01-29T19:18:09.498-03:00  INFO 36800 --- [ms-processor] [ster-test-kit-3] o.a.k.c.PeriodicTaskControlManager       : [QuorumController id=0] Registering periodic task expireDelegationTokens to run every 3600000 ms
2026-01-29T19:18:09.499-03:00  INFO 36800 --- [ms-processor] [ster-test-kit-3] o.a.k.c.PeriodicTaskControlManager       : [QuorumController id=0] Registering periodic task generatePeriodicPerformanceMessage to run every 60000 ms
2026-01-29T19:18:09.501-03:00  INFO 36800 --- [ms-processor] [ster-test-kit-3] o.a.kafka.controller.QuorumController    : [QuorumController id=0] Creating new QuorumController with clusterId wjot9fzbQmeoIC_IWsxuYw
2026-01-29T19:18:09.501-03:00  INFO 36800 --- [ms-processor] [-raft-io-thread] org.apache.kafka.raft.KafkaRaftClient    : [RaftManager id=0] Registered the listener org.apache.kafka.controller.QuorumController$QuorumMetaLogListener@378000794
2026-01-29T19:18:09.501-03:00  INFO 36800 --- [ms-processor] [-raft-io-thread] org.apache.kafka.raft.KafkaRaftClient    : [RaftManager id=0] Setting the next offset of org.apache.kafka.controller.QuorumController$QuorumMetaLogListener@378000794 to 0 since there are no snapshots
2026-01-29T19:18:09.502-03:00  INFO 36800 --- [ms-processor] [nelReaper-Fetch] lientQuotaManager$ThrottledChannelReaper : [controller-0-ThrottledChannelReaper-Fetch]: Starting
2026-01-29T19:18:09.502-03:00  INFO 36800 --- [ms-processor] [lReaper-Produce] lientQuotaManager$ThrottledChannelReaper : [controller-0-ThrottledChannelReaper-Produce]: Starting
2026-01-29T19:18:09.502-03:00  INFO 36800 --- [ms-processor] [lReaper-Request] lientQuotaManager$ThrottledChannelReaper : [controller-0-ThrottledChannelReaper-Request]: Starting
2026-01-29T19:18:09.502-03:00  INFO 36800 --- [ms-processor] [trollerMutation] lientQuotaManager$ThrottledChannelReaper : [controller-0-ThrottledChannelReaper-ControllerMutation]: Starting
2026-01-29T19:18:09.503-03:00  INFO 36800 --- [ms-processor] [0-event-handler] o.a.kafka.controller.QuorumController    : [QuorumController id=0] Becoming the active controller at epoch 1, next write offset 1.
2026-01-29T19:18:09.513-03:00  INFO 36800 --- [ms-processor] [rdinator-reaper] o.a.k.s.u.t.SystemTimerReaper$Reaper     : [share-coordinator-reaper]: Starting
2026-01-29T19:18:09.515-03:00  WARN 36800 --- [ms-processor] [0-event-handler] o.a.kafka.controller.QuorumController    : [QuorumController id=0] Performing controller activation. The metadata log appears to be empty. Appending 6 bootstrap record(s) in metadata transaction at metadata.version 4.2-IV1 from bootstrap source 'testkit'.
2026-01-29T19:18:09.519-03:00  INFO 36800 --- [ms-processor] [0-event-handler] o.a.k.controller.OffsetControlManager    : [QuorumController id=0] Replayed BeginTransactionRecord(name='Bootstrap records') at offset 1.
2026-01-29T19:18:09.519-03:00  INFO 36800 --- [ms-processor] [0-event-handler] o.a.k.controller.FeatureControlManager   : [QuorumController id=0] Replayed a FeatureLevelRecord setting metadata.version to 4.2-IV1
2026-01-29T19:18:09.520-03:00  INFO 36800 --- [ms-processor] [0-event-handler] o.a.k.controller.FeatureControlManager   : [QuorumController id=0] Replayed a FeatureLevelRecord setting feature eligible.leader.replicas.version to 1
2026-01-29T19:18:09.520-03:00  INFO 36800 --- [ms-processor] [0-event-handler] o.a.k.controller.FeatureControlManager   : [QuorumController id=0] Replayed a FeatureLevelRecord setting feature group.version to 1
2026-01-29T19:18:09.521-03:00  INFO 36800 --- [ms-processor] [0-event-handler] o.a.k.controller.FeatureControlManager   : [QuorumController id=0] Replayed a FeatureLevelRecord setting feature share.version to 1
2026-01-29T19:18:09.521-03:00  INFO 36800 --- [ms-processor] [0-event-handler] o.a.k.controller.FeatureControlManager   : [QuorumController id=0] Replayed a FeatureLevelRecord setting feature streams.version to 1
2026-01-29T19:18:09.521-03:00  INFO 36800 --- [ms-processor] [0-event-handler] o.a.k.controller.FeatureControlManager   : [QuorumController id=0] Replayed a FeatureLevelRecord setting feature transaction.version to 2
2026-01-29T19:18:09.521-03:00  INFO 36800 --- [ms-processor] [0-event-handler] o.a.k.c.ConfigurationControlManager      : [QuorumController id=0] Replayed ConfigRecord for ConfigResource(type=BROKER, name='') which set configuration min.insync.replicas to 1
2026-01-29T19:18:09.521-03:00  INFO 36800 --- [ms-processor] [0-event-handler] o.a.k.controller.OffsetControlManager    : [QuorumController id=0] Replayed EndTransactionRecord() at offset 9.
2026-01-29T19:18:09.522-03:00  INFO 36800 --- [ms-processor] [0-event-handler] o.a.k.c.PeriodicTaskControlManager       : [QuorumController id=0] Activated periodic tasks: electPreferred, electUnclean, expireDelegationTokens, generatePeriodicPerformanceMessage, maybeFenceStaleBroker, writeNoOpRecord
2026-01-29T19:18:09.526-03:00  INFO 36800 --- [ms-processor] [per-0-AlterAcls] perationPurgatory$ExpiredOperationReaper : [ExpirationReaper-0-AlterAcls]: Starting
2026-01-29T19:18:09.536-03:00  INFO 36800 --- [ms-processor] [ent-processor-0] eadedEventProcessor$EventProcessorThread : [share-coordinator-event-processor-0]: Starting
2026-01-29T19:18:09.540-03:00  INFO 36800 --- [ms-processor] [ster-test-kit-3] kafka.server.ControllerServer            : [ControllerServer id=0] Waiting for the controller metadata publishers to be installed
2026-01-29T19:18:09.540-03:00  INFO 36800 --- [ms-processor] [ster-test-kit-3] kafka.server.ControllerServer            : [ControllerServer id=0] Finished waiting for the controller metadata publishers to be installed
2026-01-29T19:18:09.540-03:00  INFO 36800 --- [ms-processor] [r-event-handler] o.a.kafka.image.loader.MetadataLoader    : [MetadataLoader id=0] initializeNewPublishers: The loader is still catching up because we have not loaded a controller record as of offset 0 and high water mark is 1
2026-01-29T19:18:09.540-03:00  INFO 36800 --- [ms-processor] [ster-test-kit-3] kafka.network.SocketServer               : [SocketServer listenerType=CONTROLLER, nodeId=0] Enabling request processing.
2026-01-29T19:18:09.547-03:00  INFO 36800 --- [ms-processor] [-manager-reaper] o.a.k.s.u.t.SystemTimerReaper$Reaper     : [persister-state-manager-reaper]: Starting
2026-01-29T19:18:09.547-03:00  INFO 36800 --- [ms-processor] [terStateManager] k.s.s.p.PersisterStateManager$SendThread : [PersisterStateManager]: Starting
2026-01-29T19:18:09.548-03:00  INFO 36800 --- [ms-processor] [rdinator-reaper] o.a.k.s.u.t.SystemTimerReaper$Reaper     : [group-coordinator-reaper]: Starting
2026-01-29T19:18:09.559-03:00  INFO 36800 --- [ms-processor] [channel-manager] k.server.NodeToControllerRequestThread   : [controller-0-to-controller-registration-channel-manager]: Starting
2026-01-29T19:18:09.559-03:00  INFO 36800 --- [ms-processor] [channel-manager] k.server.NodeToControllerRequestThread   : [controller-0-to-controller-registration-channel-manager]: Recorded new KRaft controller, from now on will use node localhost:55705 (id: 0 rack: null isFenced: false)
2026-01-29T19:18:09.560-03:00  INFO 36800 --- [ms-processor] [r-event-handler] k.server.ControllerRegistrationManager   : [ControllerRegistrationManager id=0 incarnation=jX-QIoonRQ2RazWvNvfFmQ] initialized channel manager.
2026-01-29T19:18:09.560-03:00  INFO 36800 --- [ms-processor] [r-event-handler] k.server.ControllerRegistrationManager   : [ControllerRegistrationManager id=0 incarnation=jX-QIoonRQ2RazWvNvfFmQ] maybeSendControllerRegistration: cannot register yet because the metadata.version is not known yet.
2026-01-29T19:18:09.563-03:00  INFO 36800 --- [ms-processor] [r-event-handler] o.a.kafka.image.loader.MetadataLoader    : [MetadataLoader id=0] maybePublishMetadata(LOG_DELTA): The loader finished catching up to the current high water mark of 10
2026-01-29T19:18:09.565-03:00  INFO 36800 --- [ms-processor] [ster-test-kit-3] kafka.server.ControllerServer            : [ControllerServer id=0] Waiting for all of the authorizer futures to be completed
2026-01-29T19:18:09.565-03:00  INFO 36800 --- [ms-processor] [ster-test-kit-3] kafka.server.ControllerServer            : [ControllerServer id=0] Finished waiting for all of the authorizer futures to be completed
2026-01-29T19:18:09.565-03:00  INFO 36800 --- [ms-processor] [ster-test-kit-3] kafka.server.ControllerServer            : [ControllerServer id=0] Waiting for all of the SocketServer Acceptors to be started
2026-01-29T19:18:09.565-03:00  INFO 36800 --- [ms-processor] [ster-test-kit-3] kafka.server.ControllerServer            : [ControllerServer id=0] Finished waiting for all of the SocketServer Acceptors to be started
2026-01-29T19:18:09.565-03:00  INFO 36800 --- [ms-processor] [ent-processor-0] eadedEventProcessor$EventProcessorThread : [group-coordinator-event-processor-0]: Starting
2026-01-29T19:18:09.565-03:00  INFO 36800 --- [ms-processor] [ent-processor-1] eadedEventProcessor$EventProcessorThread : [group-coordinator-event-processor-1]: Starting
2026-01-29T19:18:09.565-03:00  INFO 36800 --- [ms-processor] [ent-processor-2] eadedEventProcessor$EventProcessorThread : [group-coordinator-event-processor-2]: Starting
2026-01-29T19:18:09.565-03:00  INFO 36800 --- [ms-processor] [ent-processor-3] eadedEventProcessor$EventProcessorThread : [group-coordinator-event-processor-3]: Starting
2026-01-29T19:18:09.565-03:00  INFO 36800 --- [ms-processor] [r-event-handler] o.a.kafka.image.loader.MetadataLoader    : [MetadataLoader id=0] InitializeNewPublishers: initializing SnapshotGenerator with a snapshot at offset 9
2026-01-29T19:18:09.565-03:00  INFO 36800 --- [ms-processor] [r-event-handler] o.a.kafka.image.loader.MetadataLoader    : [MetadataLoader id=0] InitializeNewPublishers: initializing KRaftMetadataCachePublisher with a snapshot at offset 9
2026-01-29T19:18:09.565-03:00  INFO 36800 --- [ms-processor] [r-event-handler] o.a.kafka.image.loader.MetadataLoader    : [MetadataLoader id=0] InitializeNewPublishers: initializing FeaturesPublisher with a snapshot at offset 9
2026-01-29T19:18:09.569-03:00  INFO 36800 --- [ms-processor] [r-event-handler] o.a.k.m.publisher.FeaturesPublisher      : [ControllerServer id=0] Loaded new metadata FinalizedFeatures[metadataVersion=4.2-IV1, finalizedFeatures={group.version=1, streams.version=1, transaction.version=2, eligible.leader.replicas.version=1, share.version=1, metadata.version=29}, finalizedFeaturesEpoch=9].
2026-01-29T19:18:09.569-03:00  INFO 36800 --- [ms-processor] [r-event-handler] o.a.kafka.image.loader.MetadataLoader    : [MetadataLoader id=0] InitializeNewPublishers: initializing ControllerRegistrationsPublisher with a snapshot at offset 9
2026-01-29T19:18:09.569-03:00  INFO 36800 --- [ms-processor] [r-event-handler] o.a.kafka.image.loader.MetadataLoader    : [MetadataLoader id=0] InitializeNewPublishers: initializing ControllerRegistrationManager with a snapshot at offset 9
2026-01-29T19:18:09.570-03:00  INFO 36800 --- [ms-processor] [r-event-handler] o.a.kafka.image.loader.MetadataLoader    : [MetadataLoader id=0] InitializeNewPublishers: initializing DynamicConfigPublisher controller id=0 with a snapshot at offset 9
2026-01-29T19:18:09.580-03:00  INFO 36800 --- [ms-processor] [r-event-handler] k.s.metadata.DynamicConfigPublisher      : [DynamicConfigPublisher controller id=0] Updating cluster configuration : min.insync.replicas -> 1
2026-01-29T19:18:09.583-03:00  INFO 36800 --- [ms-processor] [r-event-handler] k.server.ControllerRegistrationManager   : [ControllerRegistrationManager id=0 incarnation=jX-QIoonRQ2RazWvNvfFmQ] sendControllerRegistration: attempting to send ControllerRegistrationRequestData(controllerId=0, incarnationId=jX-QIoonRQ2RazWvNvfFmQ, zkMigrationReady=false, listeners=[Listener(name='CONTROLLER', host='localhost', port=55705, securityProtocol=0)], features=[Feature(name='group.version', minSupportedVersion=0, maxSupportedVersion=1), Feature(name='kraft.version', minSupportedVersion=0, maxSupportedVersion=1), Feature(name='metadata.version', minSupportedVersion=7, maxSupportedVersion=29), Feature(name='share.version', minSupportedVersion=0, maxSupportedVersion=1), Feature(name='streams.version', minSupportedVersion=0, maxSupportedVersion=1), Feature(name='transaction.version', minSupportedVersion=0, maxSupportedVersion=2), Feature(name='eligible.leader.replicas.version', minSupportedVersion=0, maxSupportedVersion=1)])
2026-01-29T19:18:09.587-03:00  INFO 36800 --- [ms-processor] [r-event-handler] o.a.kafka.common.config.AbstractConfig   : KafkaConfig values: 
	add.partitions.to.txn.retry.backoff.max.ms = 100
	add.partitions.to.txn.retry.backoff.ms = 20
	advertised.listeners = null
	alter.config.policy.class.name = null
	alter.log.dirs.replication.quota.window.num = 11
	alter.log.dirs.replication.quota.window.size.seconds = 1
	authorizer.class.name = 
	auto.create.topics.enable = true
	auto.leader.rebalance.enable = true
	background.threads = 10
	broker.heartbeat.interval.ms = 2000
	broker.id = 0
	broker.rack = null
	broker.session.timeout.ms = 9000
	client.quota.callback.class = null
	compression.gzip.level = -1
	compression.lz4.level = 9
	compression.type = producer
	compression.zstd.level = 3
	connection.failed.authentication.delay.ms = 100
	connections.max.idle.ms = 600000
	connections.max.reauth.ms = 0
	controlled.shutdown.enable = true
	controller.listener.names = CONTROLLER
	controller.performance.always.log.threshold.ms = 2000
	controller.performance.sample.period.ms = 60000
	controller.quorum.append.linger.ms = 25
	controller.quorum.bootstrap.servers = []
	controller.quorum.election.backoff.max.ms = 1000
	controller.quorum.election.timeout.ms = 1000
	controller.quorum.fetch.timeout.ms = 2000
	controller.quorum.request.timeout.ms = 2000
	controller.quorum.retry.backoff.ms = 20
	controller.quorum.voters = [0@localhost:55705]
	controller.quota.window.num = 11
	controller.quota.window.size.seconds = 1
	controller.socket.timeout.ms = 30000
	create.topic.policy.class.name = null
	default.replication.factor = 1
	delegation.token.expiry.check.interval.ms = 3600000
	delegation.token.expiry.time.ms = 86400000
	delegation.token.max.lifetime.ms = 604800000
	delegation.token.secret.key = null
	delete.records.purgatory.purge.interval.requests = 1
	delete.topic.enable = true
	early.start.listeners = null
	fetch.max.bytes = 57671680
	fetch.purgatory.purge.interval.requests = 1000
	group.consumer.assignors = [uniform, range]
	group.consumer.heartbeat.interval.ms = 5000
	group.consumer.max.heartbeat.interval.ms = 15000
	group.consumer.max.session.timeout.ms = 60000
	group.consumer.max.size = 2147483647
	group.consumer.migration.policy = bidirectional
	group.consumer.min.heartbeat.interval.ms = 5000
	group.consumer.min.session.timeout.ms = 45000
	group.consumer.regex.refresh.interval.ms = 600000
	group.consumer.session.timeout.ms = 45000
	group.coordinator.append.linger.ms = 5
	group.coordinator.rebalance.protocols = [classic, consumer, streams]
	group.coordinator.threads = 4
	group.initial.rebalance.delay.ms = 0
	group.max.session.timeout.ms = 1800000
	group.max.size = 2147483647
	group.min.session.timeout.ms = 6000
	group.share.assignors = [simple]
	group.share.delivery.count.limit = 5
	group.share.enable = false
	group.share.heartbeat.interval.ms = 5000
	group.share.max.heartbeat.interval.ms = 15000
	group.share.max.record.lock.duration.ms = 60000
	group.share.max.session.timeout.ms = 60000
	group.share.max.share.sessions = 2000
	group.share.max.size = 200
	group.share.min.heartbeat.interval.ms = 5000
	group.share.min.record.lock.duration.ms = 15000
	group.share.min.session.timeout.ms = 45000
	group.share.partition.max.record.locks = 2000
	group.share.persister.class.name = org.apache.kafka.server.share.persister.DefaultStatePersister
	group.share.record.lock.duration.ms = 30000
	group.share.session.timeout.ms = 45000
	group.streams.heartbeat.interval.ms = 5000
	group.streams.max.heartbeat.interval.ms = 15000
	group.streams.max.session.timeout.ms = 60000
	group.streams.max.size = 2147483647
	group.streams.max.standby.replicas = 2
	group.streams.min.heartbeat.interval.ms = 5000
	group.streams.min.session.timeout.ms = 45000
	group.streams.num.standby.replicas = 0
	group.streams.session.timeout.ms = 45000
	initial.broker.registration.timeout.ms = 60000
	inter.broker.listener.name = EXTERNAL
	internal.metadata.delete.delay.millis = 60000
	internal.metadata.log.segment.bytes = null
	internal.metadata.max.batch.size.in.bytes = 8388608
	internal.metadata.max.fetch.size.in.bytes = 8388608
	kafka.metrics.polling.interval.secs = 10
	kafka.metrics.reporters = []
	leader.imbalance.check.interval.seconds = 300
	listener.security.protocol.map = EXTERNAL:PLAINTEXT,CONTROLLER:PLAINTEXT
	listeners = EXTERNAL://localhost:0,CONTROLLER://localhost:0
	log.cleaner.backoff.ms = 15000
	log.cleaner.dedupe.buffer.size = 2097152
	log.cleaner.delete.retention.ms = 86400000
	log.cleaner.enable = true
	log.cleaner.io.buffer.load.factor = 0.9
	log.cleaner.io.buffer.size = 524288
	log.cleaner.io.max.bytes.per.second = 1.7976931348623157E308
	log.cleaner.max.compaction.lag.ms = 9223372036854775807
	log.cleaner.min.cleanable.ratio = 0.5
	log.cleaner.min.compaction.lag.ms = 0
	log.cleaner.threads = 1
	log.cleanup.policy = [delete]
	log.dir = /tmp/kafka-logs
	log.dir.failure.timeout.ms = 30000
	log.dirs = C:\Users\isa\AppData\Local\Temp\kafka-17372133619427575320\combined_0_0
	log.flush.interval.messages = 9223372036854775807
	log.flush.interval.ms = null
	log.flush.offset.checkpoint.interval.ms = 60000
	log.flush.scheduler.interval.ms = 9223372036854775807
	log.flush.start.offset.checkpoint.interval.ms = 60000
	log.index.interval.bytes = 4096
	log.index.size.max.bytes = 10485760
	log.initial.task.delay.ms = 30000
	log.local.retention.bytes = -2
	log.local.retention.ms = -2
	log.message.timestamp.after.max.ms = 3600000
	log.message.timestamp.before.max.ms = 9223372036854775807
	log.message.timestamp.type = CreateTime
	log.preallocate = false
	log.retention.bytes = -1
	log.retention.check.interval.ms = 300000
	log.retention.hours = 168
	log.retention.minutes = null
	log.retention.ms = null
	log.roll.hours = 168
	log.roll.jitter.hours = 0
	log.roll.jitter.ms = null
	log.roll.ms = null
	log.segment.bytes = 1073741824
	log.segment.delete.delay.ms = 60000
	max.connection.creation.rate = 2147483647
	max.connections = 2147483647
	max.connections.per.ip = 2147483647
	max.connections.per.ip.overrides = 
	max.incremental.fetch.session.cache.slots = 1000
	max.request.partition.size.limit = 2000
	message.max.bytes = 1048588
	metadata.log.dir = C:\Users\isa\AppData\Local\Temp\kafka-17372133619427575320\combined_0_0
	metadata.log.max.record.bytes.between.snapshots = 20971520
	metadata.log.max.snapshot.interval.ms = 3600000
	metadata.log.segment.bytes = 1073741824
	metadata.log.segment.ms = 604800000
	metadata.max.idle.interval.ms = 500
	metadata.max.retention.bytes = 104857600
	metadata.max.retention.ms = 604800000
	metric.reporters = [org.apache.kafka.common.metrics.JmxReporter]
	metrics.num.samples = 2
	metrics.recording.level = INFO
	metrics.sample.window.ms = 30000
	min.insync.replicas = 1
	node.id = 0
	num.io.threads = 8
	num.network.threads = 3
	num.partitions = 1
	num.recovery.threads.per.data.dir = 2
	num.replica.alter.log.dirs.threads = null
	num.replica.fetchers = 1
	offset.metadata.max.bytes = 4096
	offsets.commit.timeout.ms = 5000
	offsets.load.buffer.size = 5242880
	offsets.retention.check.interval.ms = 600000
	offsets.retention.minutes = 10080
	offsets.topic.compression.codec = 0
	offsets.topic.num.partitions = 50
	offsets.topic.replication.factor = 1
	offsets.topic.segment.bytes = 104857600
	principal.builder.class = class org.apache.kafka.common.security.authenticator.DefaultKafkaPrincipalBuilder
	process.roles = [broker, controller]
	producer.id.expiration.check.interval.ms = 600000
	producer.id.expiration.ms = 86400000
	producer.purgatory.purge.interval.requests = 1000
	queued.max.request.bytes = -1
	queued.max.requests = 500
	quota.window.num = 11
	quota.window.size.seconds = 1
	remote.fetch.max.wait.ms = 500
	remote.list.offsets.request.timeout.ms = 30000
	remote.log.index.file.cache.total.size.bytes = 1073741824
	remote.log.manager.copier.thread.pool.size = 10
	remote.log.manager.copy.max.bytes.per.second = 9223372036854775807
	remote.log.manager.copy.quota.window.num = 11
	remote.log.manager.copy.quota.window.size.seconds = 1
	remote.log.manager.expiration.thread.pool.size = 10
	remote.log.manager.fetch.max.bytes.per.second = 9223372036854775807
	remote.log.manager.fetch.quota.window.num = 11
	remote.log.manager.fetch.quota.window.size.seconds = 1
	remote.log.manager.task.interval.ms = 30000
	remote.log.manager.task.retry.backoff.max.ms = 30000
	remote.log.manager.task.retry.backoff.ms = 500
	remote.log.manager.task.retry.jitter = 0.2
	remote.log.manager.thread.pool.size = 2
	remote.log.metadata.custom.metadata.max.bytes = 128
	remote.log.metadata.manager.class.name = org.apache.kafka.server.log.remote.metadata.storage.TopicBasedRemoteLogMetadataManager
	remote.log.metadata.manager.class.path = null
	remote.log.metadata.manager.impl.prefix = rlmm.config.
	remote.log.metadata.manager.listener.name = null
	remote.log.reader.max.pending.tasks = 100
	remote.log.reader.threads = 10
	remote.log.storage.manager.class.name = null
	remote.log.storage.manager.class.path = null
	remote.log.storage.manager.impl.prefix = rsm.config.
	remote.log.storage.system.enable = false
	replica.fetch.backoff.ms = 1000
	replica.fetch.max.bytes = 1048576
	replica.fetch.min.bytes = 1
	replica.fetch.response.max.bytes = 10485760
	replica.fetch.wait.max.ms = 500
	replica.high.watermark.checkpoint.interval.ms = 5000
	replica.lag.time.max.ms = 30000
	replica.selector.class = null
	replica.socket.receive.buffer.bytes = 65536
	replica.socket.timeout.ms = 30000
	replication.quota.window.num = 11
	replication.quota.window.size.seconds = 1
	request.timeout.ms = 30000
	sasl.client.callback.handler.class = null
	sasl.enabled.mechanisms = [GSSAPI]
	sasl.jaas.config = null
	sasl.kerberos.kinit.cmd = /usr/bin/kinit
	sasl.kerberos.min.time.before.relogin = 60000
	sasl.kerberos.principal.to.local.rules = [DEFAULT]
	sasl.kerberos.service.name = null
	sasl.kerberos.ticket.renew.jitter = 0.05
	sasl.kerberos.ticket.renew.window.factor = 0.8
	sasl.login.callback.handler.class = null
	sasl.login.class = null
	sasl.login.connect.timeout.ms = null
	sasl.login.read.timeout.ms = null
	sasl.login.refresh.buffer.seconds = 300
	sasl.login.refresh.min.period.seconds = 60
	sasl.login.refresh.window.factor = 0.8
	sasl.login.refresh.window.jitter = 0.05
	sasl.login.retry.backoff.max.ms = 10000
	sasl.login.retry.backoff.ms = 100
	sasl.mechanism.controller.protocol = GSSAPI
	sasl.mechanism.inter.broker.protocol = GSSAPI
	sasl.oauthbearer.assertion.algorithm = RS256
	sasl.oauthbearer.assertion.claim.aud = null
	sasl.oauthbearer.assertion.claim.exp.seconds = 300
	sasl.oauthbearer.assertion.claim.iss = null
	sasl.oauthbearer.assertion.claim.jti.include = false
	sasl.oauthbearer.assertion.claim.nbf.seconds = 60
	sasl.oauthbearer.assertion.claim.sub = null
	sasl.oauthbearer.assertion.file = null
	sasl.oauthbearer.assertion.private.key.file = null
	sasl.oauthbearer.assertion.private.key.passphrase = null
	sasl.oauthbearer.assertion.template.file = null
	sasl.oauthbearer.client.credentials.client.id = null
	sasl.oauthbearer.client.credentials.client.secret = null
	sasl.oauthbearer.clock.skew.seconds = 30
	sasl.oauthbearer.expected.audience = null
	sasl.oauthbearer.expected.issuer = null
	sasl.oauthbearer.jwks.endpoint.refresh.ms = 3600000
	sasl.oauthbearer.jwks.endpoint.retry.backoff.max.ms = 10000
	sasl.oauthbearer.jwks.endpoint.retry.backoff.ms = 100
	sasl.oauthbearer.jwks.endpoint.url = null
	sasl.oauthbearer.jwt.retriever.class = class org.apache.kafka.common.security.oauthbearer.DefaultJwtRetriever
	sasl.oauthbearer.jwt.validator.class = class org.apache.kafka.common.security.oauthbearer.DefaultJwtValidator
	sasl.oauthbearer.scope = null
	sasl.oauthbearer.scope.claim.name = scope
	sasl.oauthbearer.sub.claim.name = sub
	sasl.oauthbearer.token.endpoint.url = null
	sasl.server.callback.handler.class = null
	sasl.server.max.receive.size = 524288
	security.inter.broker.protocol = PLAINTEXT
	security.providers = null
	server.max.startup.time.ms = 600000
	share.coordinator.append.linger.ms = 5
	share.coordinator.cold.partition.snapshot.interval.ms = 300000
	share.coordinator.load.buffer.size = 5242880
	share.coordinator.snapshot.update.records.per.snapshot = 500
	share.coordinator.state.topic.compression.codec = 0
	share.coordinator.state.topic.min.isr = 2
	share.coordinator.state.topic.num.partitions = 50
	share.coordinator.state.topic.prune.interval.ms = 300000
	share.coordinator.state.topic.replication.factor = 3
	share.coordinator.state.topic.segment.bytes = 104857600
	share.coordinator.threads = 1
	share.coordinator.write.timeout.ms = 5000
	share.fetch.purgatory.purge.interval.requests = 1000
	socket.connection.setup.timeout.max.ms = 30000
	socket.connection.setup.timeout.ms = 10000
	socket.listen.backlog.size = 50
	socket.receive.buffer.bytes = 102400
	socket.request.max.bytes = 104857600
	socket.send.buffer.bytes = 102400
	ssl.allow.dn.changes = false
	ssl.allow.san.changes = false
	ssl.cipher.suites = []
	ssl.client.auth = none
	ssl.enabled.protocols = [TLSv1.2, TLSv1.3]
	ssl.endpoint.identification.algorithm = https
	ssl.engine.factory.class = null
	ssl.key.password = null
	ssl.keymanager.algorithm = SunX509
	ssl.keystore.certificate.chain = null
	ssl.keystore.key = null
	ssl.keystore.location = null
	ssl.keystore.password = null
	ssl.keystore.type = JKS
	ssl.principal.mapping.rules = DEFAULT
	ssl.protocol = TLSv1.3
	ssl.provider = null
	ssl.secure.random.implementation = null
	ssl.trustmanager.algorithm = PKIX
	ssl.truststore.certificates = null
	ssl.truststore.location = null
	ssl.truststore.password = null
	ssl.truststore.type = JKS
	telemetry.max.bytes = 1048576
	transaction.abort.timed.out.transaction.cleanup.interval.ms = 10000
	transaction.max.timeout.ms = 900000
	transaction.partition.verification.enable = true
	transaction.remove.expired.transaction.cleanup.interval.ms = 3600000
	transaction.state.log.load.buffer.size = 5242880
	transaction.state.log.min.isr = 2
	transaction.state.log.num.partitions = 50
	transaction.state.log.replication.factor = 1
	transaction.state.log.segment.bytes = 104857600
	transaction.two.phase.commit.enable = false
	transactional.id.expiration.ms = 604800000
	unclean.leader.election.enable = false
	unclean.leader.election.interval.ms = 300000
	unstable.api.versions.enable = true
	unstable.feature.versions.enable = true

2026-01-29T19:18:09.596-03:00  INFO 36800 --- [ms-processor] [ster-test-kit-4] kafka.log.LogManager                     : Unable to read the broker epoch in C:\Users\isa\AppData\Local\Temp\kafka-17372133619427575320\combined_0_0.
2026-01-29T19:18:09.597-03:00  INFO 36800 --- [ms-processor] [r-event-handler] o.a.kafka.image.loader.MetadataLoader    : [MetadataLoader id=0] InitializeNewPublishers: initializing DynamicClientQuotaPublisher controller id=0 with a snapshot at offset 9
2026-01-29T19:18:09.598-03:00  INFO 36800 --- [ms-processor] [channel-manager] k.server.NodeToControllerRequestThread   : [broker-0-to-controller-heartbeat-channel-manager]: Starting
2026-01-29T19:18:09.598-03:00  INFO 36800 --- [ms-processor] [channel-manager] k.server.NodeToControllerRequestThread   : [broker-0-to-controller-heartbeat-channel-manager]: Recorded new KRaft controller, from now on will use node localhost:55705 (id: 0 rack: null isFenced: false)
2026-01-29T19:18:09.603-03:00  INFO 36800 --- [ms-processor] [r-event-handler] o.a.kafka.image.loader.MetadataLoader    : [MetadataLoader id=0] InitializeNewPublishers: initializing DynamicTopicClusterQuotaPublisher controller id=0 with a snapshot at offset 9
2026-01-29T19:18:09.604-03:00  INFO 36800 --- [ms-processor] [r-event-handler] o.a.kafka.image.loader.MetadataLoader    : [MetadataLoader id=0] InitializeNewPublishers: initializing ScramPublisher controller id=0 with a snapshot at offset 9
2026-01-29T19:18:09.607-03:00  INFO 36800 --- [ms-processor] [r-event-handler] kafka.server.BrokerLifecycleManager      : [BrokerLifecycleManager id=0] Incarnation rceqGxpzR4a4ST7bBs3J3g of broker 0 in cluster wjot9fzbQmeoIC_IWsxuYw is now STARTING.
2026-01-29T19:18:09.608-03:00  INFO 36800 --- [ms-processor] [r-event-handler] o.a.kafka.image.loader.MetadataLoader    : [MetadataLoader id=0] InitializeNewPublishers: initializing DelegationTokenPublisher controller id=0 with a snapshot at offset 9
2026-01-29T19:18:09.613-03:00  INFO 36800 --- [ms-processor] [r-event-handler] o.a.kafka.image.loader.MetadataLoader    : [MetadataLoader id=0] InitializeNewPublishers: initializing ControllerMetadataMetricsPublisher with a snapshot at offset 9
2026-01-29T19:18:09.614-03:00  INFO 36800 --- [ms-processor] [r-event-handler] o.a.kafka.image.loader.MetadataLoader    : [MetadataLoader id=0] InitializeNewPublishers: initializing AclPublisher controller id=0 with a snapshot at offset 9
2026-01-29T19:18:09.630-03:00  INFO 36800 --- [ms-processor] [-timeout-reaper] o.a.k.s.u.t.SystemTimerReaper$Reaper     : [share-group-lock-timeout-reaper]: Starting
2026-01-29T19:18:09.641-03:00  INFO 36800 --- [ms-processor] [per-0-AlterAcls] perationPurgatory$ExpiredOperationReaper : [ExpirationReaper-0-AlterAcls]: Starting
2026-01-29T19:18:09.665-03:00  INFO 36800 --- [ms-processor] [ster-test-kit-4] kafka.server.BrokerServer                : [BrokerServer id=0] Waiting for the broker metadata publishers to be installed
2026-01-29T19:18:09.665-03:00  INFO 36800 --- [ms-processor] [ster-test-kit-4] kafka.server.BrokerServer                : [BrokerServer id=0] Finished waiting for the broker metadata publishers to be installed
2026-01-29T19:18:09.665-03:00  INFO 36800 --- [ms-processor] [ster-test-kit-4] kafka.server.BrokerServer                : [BrokerServer id=0] Waiting for the controller to acknowledge that we are caught up
2026-01-29T19:18:09.666-03:00  INFO 36800 --- [ms-processor] [r-event-handler] o.a.kafka.image.loader.MetadataLoader    : [MetadataLoader id=0] InitializeNewPublishers: initializing MetadataVersionPublisher(id=0) with a snapshot at offset 9
2026-01-29T19:18:09.666-03:00  INFO 36800 --- [ms-processor] [r-event-handler] o.a.kafka.image.loader.MetadataLoader    : [MetadataLoader id=0] InitializeNewPublishers: initializing BrokerMetadataPublisher with a snapshot at offset 9
2026-01-29T19:18:09.668-03:00  INFO 36800 --- [ms-processor] [r-event-handler] k.s.metadata.BrokerMetadataPublisher     : [BrokerMetadataPublisher id=0] Publishing initial metadata at offset OffsetAndEpoch[offset=9, epoch=1] with metadata.version Optional[4.2-IV1].
2026-01-29T19:18:09.669-03:00  INFO 36800 --- [ms-processor] [r-event-handler] kafka.log.LogManager                     : Loading logs from log dirs ArrayBuffer(C:\Users\isa\AppData\Local\Temp\kafka-17372133619427575320\combined_0_0)
2026-01-29T19:18:09.676-03:00  INFO 36800 --- [ms-processor] [r-event-handler] kafka.log.LogManager                     : No logs found to be loaded in C:\Users\isa\AppData\Local\Temp\kafka-17372133619427575320\combined_0_0
2026-01-29T19:18:09.684-03:00  INFO 36800 --- [ms-processor] [0-event-handler] o.a.k.controller.ClusterControlManager   : [QuorumController id=0] Replayed RegisterControllerRecord containing ControllerRegistration(id=0, incarnationId=jX-QIoonRQ2RazWvNvfFmQ, zkMigrationReady=false, listeners=[Endpoint(listenerName='CONTROLLER', securityProtocol=PLAINTEXT, host='localhost', port=55705)], supportedFeatures={eligible.leader.replicas.version: 0-1, group.version: 0-1, kraft.version: 0-1, metadata.version: 7-29, share.version: 0-1, streams.version: 0-1, transaction.version: 0-2}).
2026-01-29T19:18:09.686-03:00  INFO 36800 --- [ms-processor] [r-event-handler] kafka.log.LogManager                     : Loaded 0 logs in 16ms
2026-01-29T19:18:09.687-03:00  INFO 36800 --- [ms-processor] [r-event-handler] kafka.log.LogManager                     : Starting log cleanup with a period of 300000 ms.
2026-01-29T19:18:09.687-03:00  INFO 36800 --- [ms-processor] [r-event-handler] kafka.log.LogManager                     : Starting log flusher with a default period of 9223372036854775807 ms.
2026-01-29T19:18:09.692-03:00  INFO 36800 --- [ms-processor] [0-event-handler] o.a.k.controller.ClusterControlManager   : [QuorumController id=0] No previous registration found for broker 0. New incarnation ID is rceqGxpzR4a4ST7bBs3J3g.  Generated 0 record(s) to clean up previous incarnations. New broker epoch is 11.
2026-01-29T19:18:09.696-03:00  INFO 36800 --- [ms-processor] [r-event-handler] o.a.k.storage.internals.log.LogCleaner   : Starting the log cleaner
2026-01-29T19:18:09.701-03:00  INFO 36800 --- [ms-processor] [0-event-handler] o.a.k.controller.ClusterControlManager   : [QuorumController id=0] Replayed initial RegisterBrokerRecord for broker 0: RegisterBrokerRecord(brokerId=0, isMigratingZkBroker=false, incarnationId=rceqGxpzR4a4ST7bBs3J3g, brokerEpoch=11, endPoints=[BrokerEndpoint(name='EXTERNAL', host='localhost', port=55706, securityProtocol=0)], features=[BrokerFeature(name='group.version', minSupportedVersion=0, maxSupportedVersion=1), BrokerFeature(name='kraft.version', minSupportedVersion=0, maxSupportedVersion=1), BrokerFeature(name='metadata.version', minSupportedVersion=7, maxSupportedVersion=29), BrokerFeature(name='share.version', minSupportedVersion=0, maxSupportedVersion=1), BrokerFeature(name='streams.version', minSupportedVersion=0, maxSupportedVersion=1), BrokerFeature(name='transaction.version', minSupportedVersion=0, maxSupportedVersion=2), BrokerFeature(name='eligible.leader.replicas.version', minSupportedVersion=0, maxSupportedVersion=1)], rack=null, fenced=true, inControlledShutdown=false, logDirs=[1YnCLFwp6zSskb8uJQEVuw])
2026-01-29T19:18:09.703-03:00  INFO 36800 --- [ms-processor] [leaner-thread-0] o.a.k.s.i.log.LogCleaner$CleanerThread   : [kafka-log-cleaner-thread-0]: Starting
2026-01-29T19:18:09.706-03:00  INFO 36800 --- [ms-processor] [rFailureHandler] k.s.ReplicaManager$LogDirFailureHandler  : [LogDirFailureHandler]: Starting
2026-01-29T19:18:09.707-03:00  INFO 36800 --- [ms-processor] [nSenderThread-0] o.a.k.s.t.AddPartitionsToTxnManager      : [AddPartitionsToTxnSenderThread-0]: Starting
2026-01-29T19:18:09.710-03:00  INFO 36800 --- [ms-processor] [channel-manager] k.server.ControllerRegistrationManager   : [ControllerRegistrationManager id=0 incarnation=jX-QIoonRQ2RazWvNvfFmQ] RegistrationResponseHandler: controller acknowledged ControllerRegistrationRequest.
2026-01-29T19:18:09.712-03:00  INFO 36800 --- [ms-processor] [r-event-handler] o.a.k.c.group.GroupCoordinatorService    : [GroupCoordinator id=0] Starting up.
2026-01-29T19:18:09.712-03:00  INFO 36800 --- [ms-processor] [r-event-handler] kafka.server.BrokerLifecycleManager      : [BrokerLifecycleManager id=0] Successfully registered broker 0 with broker epoch 11
2026-01-29T19:18:09.715-03:00  INFO 36800 --- [ms-processor] [r-event-handler] o.a.k.c.group.GroupCoordinatorService    : [GroupCoordinator id=0] Startup complete.
2026-01-29T19:18:09.716-03:00  INFO 36800 --- [ms-processor] [r-event-handler] k.c.transaction.TransactionCoordinator   : [TransactionCoordinator id=0] Starting up.
2026-01-29T19:18:09.718-03:00  INFO 36800 --- [ms-processor] [r-event-handler] k.c.transaction.TransactionCoordinator   : [TransactionCoordinator id=0] Startup complete.
2026-01-29T19:18:09.718-03:00  INFO 36800 --- [ms-processor] [rSenderThread-0] k.c.t.TransactionMarkerChannelManager    : [TxnMarkerSenderThread-0]: Starting
2026-01-29T19:18:09.719-03:00  INFO 36800 --- [ms-processor] [r-event-handler] o.a.k.c.share.ShareCoordinatorService    : [ShareCoordinator id=0] Starting up.
2026-01-29T19:18:09.719-03:00  INFO 36800 --- [ms-processor] [r-event-handler] o.a.k.c.share.ShareCoordinatorService    : [ShareCoordinator id=0] Startup complete.
2026-01-29T19:18:09.732-03:00  INFO 36800 --- [ms-processor] [r-event-handler] k.s.metadata.DynamicConfigPublisher      : [DynamicConfigPublisher broker id=0] Updating cluster configuration : min.insync.replicas -> 1
2026-01-29T19:18:09.733-03:00  INFO 36800 --- [ms-processor] [r-event-handler] o.a.kafka.common.config.AbstractConfig   : KafkaConfig values: 
	add.partitions.to.txn.retry.backoff.max.ms = 100
	add.partitions.to.txn.retry.backoff.ms = 20
	advertised.listeners = null
	alter.config.policy.class.name = null
	alter.log.dirs.replication.quota.window.num = 11
	alter.log.dirs.replication.quota.window.size.seconds = 1
	authorizer.class.name = 
	auto.create.topics.enable = true
	auto.leader.rebalance.enable = true
	background.threads = 10
	broker.heartbeat.interval.ms = 2000
	broker.id = 0
	broker.rack = null
	broker.session.timeout.ms = 9000
	client.quota.callback.class = null
	compression.gzip.level = -1
	compression.lz4.level = 9
	compression.type = producer
	compression.zstd.level = 3
	connection.failed.authentication.delay.ms = 100
	connections.max.idle.ms = 600000
	connections.max.reauth.ms = 0
	controlled.shutdown.enable = true
	controller.listener.names = CONTROLLER
	controller.performance.always.log.threshold.ms = 2000
	controller.performance.sample.period.ms = 60000
	controller.quorum.append.linger.ms = 25
	controller.quorum.bootstrap.servers = []
	controller.quorum.election.backoff.max.ms = 1000
	controller.quorum.election.timeout.ms = 1000
	controller.quorum.fetch.timeout.ms = 2000
	controller.quorum.request.timeout.ms = 2000
	controller.quorum.retry.backoff.ms = 20
	controller.quorum.voters = [0@localhost:55705]
	controller.quota.window.num = 11
	controller.quota.window.size.seconds = 1
	controller.socket.timeout.ms = 30000
	create.topic.policy.class.name = null
	default.replication.factor = 1
	delegation.token.expiry.check.interval.ms = 3600000
	delegation.token.expiry.time.ms = 86400000
	delegation.token.max.lifetime.ms = 604800000
	delegation.token.secret.key = null
	delete.records.purgatory.purge.interval.requests = 1
	delete.topic.enable = true
	early.start.listeners = null
	fetch.max.bytes = 57671680
	fetch.purgatory.purge.interval.requests = 1000
	group.consumer.assignors = [uniform, range]
	group.consumer.heartbeat.interval.ms = 5000
	group.consumer.max.heartbeat.interval.ms = 15000
	group.consumer.max.session.timeout.ms = 60000
	group.consumer.max.size = 2147483647
	group.consumer.migration.policy = bidirectional
	group.consumer.min.heartbeat.interval.ms = 5000
	group.consumer.min.session.timeout.ms = 45000
	group.consumer.regex.refresh.interval.ms = 600000
	group.consumer.session.timeout.ms = 45000
	group.coordinator.append.linger.ms = 5
	group.coordinator.rebalance.protocols = [classic, consumer, streams]
	group.coordinator.threads = 4
	group.initial.rebalance.delay.ms = 0
	group.max.session.timeout.ms = 1800000
	group.max.size = 2147483647
	group.min.session.timeout.ms = 6000
	group.share.assignors = [simple]
	group.share.delivery.count.limit = 5
	group.share.enable = false
	group.share.heartbeat.interval.ms = 5000
	group.share.max.heartbeat.interval.ms = 15000
	group.share.max.record.lock.duration.ms = 60000
	group.share.max.session.timeout.ms = 60000
	group.share.max.share.sessions = 2000
	group.share.max.size = 200
	group.share.min.heartbeat.interval.ms = 5000
	group.share.min.record.lock.duration.ms = 15000
	group.share.min.session.timeout.ms = 45000
	group.share.partition.max.record.locks = 2000
	group.share.persister.class.name = org.apache.kafka.server.share.persister.DefaultStatePersister
	group.share.record.lock.duration.ms = 30000
	group.share.session.timeout.ms = 45000
	group.streams.heartbeat.interval.ms = 5000
	group.streams.max.heartbeat.interval.ms = 15000
	group.streams.max.session.timeout.ms = 60000
	group.streams.max.size = 2147483647
	group.streams.max.standby.replicas = 2
	group.streams.min.heartbeat.interval.ms = 5000
	group.streams.min.session.timeout.ms = 45000
	group.streams.num.standby.replicas = 0
	group.streams.session.timeout.ms = 45000
	initial.broker.registration.timeout.ms = 60000
	inter.broker.listener.name = EXTERNAL
	internal.metadata.delete.delay.millis = 60000
	internal.metadata.log.segment.bytes = null
	internal.metadata.max.batch.size.in.bytes = 8388608
	internal.metadata.max.fetch.size.in.bytes = 8388608
	kafka.metrics.polling.interval.secs = 10
	kafka.metrics.reporters = []
	leader.imbalance.check.interval.seconds = 300
	listener.security.protocol.map = EXTERNAL:PLAINTEXT,CONTROLLER:PLAINTEXT
	listeners = EXTERNAL://localhost:0,CONTROLLER://localhost:0
	log.cleaner.backoff.ms = 15000
	log.cleaner.dedupe.buffer.size = 2097152
	log.cleaner.delete.retention.ms = 86400000
	log.cleaner.enable = true
	log.cleaner.io.buffer.load.factor = 0.9
	log.cleaner.io.buffer.size = 524288
	log.cleaner.io.max.bytes.per.second = 1.7976931348623157E308
	log.cleaner.max.compaction.lag.ms = 9223372036854775807
	log.cleaner.min.cleanable.ratio = 0.5
	log.cleaner.min.compaction.lag.ms = 0
	log.cleaner.threads = 1
	log.cleanup.policy = [delete]
	log.dir = /tmp/kafka-logs
	log.dir.failure.timeout.ms = 30000
	log.dirs = C:\Users\isa\AppData\Local\Temp\kafka-17372133619427575320\combined_0_0
	log.flush.interval.messages = 9223372036854775807
	log.flush.interval.ms = null
	log.flush.offset.checkpoint.interval.ms = 60000
	log.flush.scheduler.interval.ms = 9223372036854775807
	log.flush.start.offset.checkpoint.interval.ms = 60000
	log.index.interval.bytes = 4096
	log.index.size.max.bytes = 10485760
	log.initial.task.delay.ms = 30000
	log.local.retention.bytes = -2
	log.local.retention.ms = -2
	log.message.timestamp.after.max.ms = 3600000
	log.message.timestamp.before.max.ms = 9223372036854775807
	log.message.timestamp.type = CreateTime
	log.preallocate = false
	log.retention.bytes = -1
	log.retention.check.interval.ms = 300000
	log.retention.hours = 168
	log.retention.minutes = null
	log.retention.ms = null
	log.roll.hours = 168
	log.roll.jitter.hours = 0
	log.roll.jitter.ms = null
	log.roll.ms = null
	log.segment.bytes = 1073741824
	log.segment.delete.delay.ms = 60000
	max.connection.creation.rate = 2147483647
	max.connections = 2147483647
	max.connections.per.ip = 2147483647
	max.connections.per.ip.overrides = 
	max.incremental.fetch.session.cache.slots = 1000
	max.request.partition.size.limit = 2000
	message.max.bytes = 1048588
	metadata.log.dir = C:\Users\isa\AppData\Local\Temp\kafka-17372133619427575320\combined_0_0
	metadata.log.max.record.bytes.between.snapshots = 20971520
	metadata.log.max.snapshot.interval.ms = 3600000
	metadata.log.segment.bytes = 1073741824
	metadata.log.segment.ms = 604800000
	metadata.max.idle.interval.ms = 500
	metadata.max.retention.bytes = 104857600
	metadata.max.retention.ms = 604800000
	metric.reporters = [org.apache.kafka.common.metrics.JmxReporter]
	metrics.num.samples = 2
	metrics.recording.level = INFO
	metrics.sample.window.ms = 30000
	min.insync.replicas = 1
	node.id = 0
	num.io.threads = 8
	num.network.threads = 3
	num.partitions = 1
	num.recovery.threads.per.data.dir = 2
	num.replica.alter.log.dirs.threads = null
	num.replica.fetchers = 1
	offset.metadata.max.bytes = 4096
	offsets.commit.timeout.ms = 5000
	offsets.load.buffer.size = 5242880
	offsets.retention.check.interval.ms = 600000
	offsets.retention.minutes = 10080
	offsets.topic.compression.codec = 0
	offsets.topic.num.partitions = 50
	offsets.topic.replication.factor = 1
	offsets.topic.segment.bytes = 104857600
	principal.builder.class = class org.apache.kafka.common.security.authenticator.DefaultKafkaPrincipalBuilder
	process.roles = [broker, controller]
	producer.id.expiration.check.interval.ms = 600000
	producer.id.expiration.ms = 86400000
	producer.purgatory.purge.interval.requests = 1000
	queued.max.request.bytes = -1
	queued.max.requests = 500
	quota.window.num = 11
	quota.window.size.seconds = 1
	remote.fetch.max.wait.ms = 500
	remote.list.offsets.request.timeout.ms = 30000
	remote.log.index.file.cache.total.size.bytes = 1073741824
	remote.log.manager.copier.thread.pool.size = 10
	remote.log.manager.copy.max.bytes.per.second = 9223372036854775807
	remote.log.manager.copy.quota.window.num = 11
	remote.log.manager.copy.quota.window.size.seconds = 1
	remote.log.manager.expiration.thread.pool.size = 10
	remote.log.manager.fetch.max.bytes.per.second = 9223372036854775807
	remote.log.manager.fetch.quota.window.num = 11
	remote.log.manager.fetch.quota.window.size.seconds = 1
	remote.log.manager.task.interval.ms = 30000
	remote.log.manager.task.retry.backoff.max.ms = 30000
	remote.log.manager.task.retry.backoff.ms = 500
	remote.log.manager.task.retry.jitter = 0.2
	remote.log.manager.thread.pool.size = 2
	remote.log.metadata.custom.metadata.max.bytes = 128
	remote.log.metadata.manager.class.name = org.apache.kafka.server.log.remote.metadata.storage.TopicBasedRemoteLogMetadataManager
	remote.log.metadata.manager.class.path = null
	remote.log.metadata.manager.impl.prefix = rlmm.config.
	remote.log.metadata.manager.listener.name = null
	remote.log.reader.max.pending.tasks = 100
	remote.log.reader.threads = 10
	remote.log.storage.manager.class.name = null
	remote.log.storage.manager.class.path = null
	remote.log.storage.manager.impl.prefix = rsm.config.
	remote.log.storage.system.enable = false
	replica.fetch.backoff.ms = 1000
	replica.fetch.max.bytes = 1048576
	replica.fetch.min.bytes = 1
	replica.fetch.response.max.bytes = 10485760
	replica.fetch.wait.max.ms = 500
	replica.high.watermark.checkpoint.interval.ms = 5000
	replica.lag.time.max.ms = 30000
	replica.selector.class = null
	replica.socket.receive.buffer.bytes = 65536
	replica.socket.timeout.ms = 30000
	replication.quota.window.num = 11
	replication.quota.window.size.seconds = 1
	request.timeout.ms = 30000
	sasl.client.callback.handler.class = null
	sasl.enabled.mechanisms = [GSSAPI]
	sasl.jaas.config = null
	sasl.kerberos.kinit.cmd = /usr/bin/kinit
	sasl.kerberos.min.time.before.relogin = 60000
	sasl.kerberos.principal.to.local.rules = [DEFAULT]
	sasl.kerberos.service.name = null
	sasl.kerberos.ticket.renew.jitter = 0.05
	sasl.kerberos.ticket.renew.window.factor = 0.8
	sasl.login.callback.handler.class = null
	sasl.login.class = null
	sasl.login.connect.timeout.ms = null
	sasl.login.read.timeout.ms = null
	sasl.login.refresh.buffer.seconds = 300
	sasl.login.refresh.min.period.seconds = 60
	sasl.login.refresh.window.factor = 0.8
	sasl.login.refresh.window.jitter = 0.05
	sasl.login.retry.backoff.max.ms = 10000
	sasl.login.retry.backoff.ms = 100
	sasl.mechanism.controller.protocol = GSSAPI
	sasl.mechanism.inter.broker.protocol = GSSAPI
	sasl.oauthbearer.assertion.algorithm = RS256
	sasl.oauthbearer.assertion.claim.aud = null
	sasl.oauthbearer.assertion.claim.exp.seconds = 300
	sasl.oauthbearer.assertion.claim.iss = null
	sasl.oauthbearer.assertion.claim.jti.include = false
	sasl.oauthbearer.assertion.claim.nbf.seconds = 60
	sasl.oauthbearer.assertion.claim.sub = null
	sasl.oauthbearer.assertion.file = null
	sasl.oauthbearer.assertion.private.key.file = null
	sasl.oauthbearer.assertion.private.key.passphrase = null
	sasl.oauthbearer.assertion.template.file = null
	sasl.oauthbearer.client.credentials.client.id = null
	sasl.oauthbearer.client.credentials.client.secret = null
	sasl.oauthbearer.clock.skew.seconds = 30
	sasl.oauthbearer.expected.audience = null
	sasl.oauthbearer.expected.issuer = null
	sasl.oauthbearer.jwks.endpoint.refresh.ms = 3600000
	sasl.oauthbearer.jwks.endpoint.retry.backoff.max.ms = 10000
	sasl.oauthbearer.jwks.endpoint.retry.backoff.ms = 100
	sasl.oauthbearer.jwks.endpoint.url = null
	sasl.oauthbearer.jwt.retriever.class = class org.apache.kafka.common.security.oauthbearer.DefaultJwtRetriever
	sasl.oauthbearer.jwt.validator.class = class org.apache.kafka.common.security.oauthbearer.DefaultJwtValidator
	sasl.oauthbearer.scope = null
	sasl.oauthbearer.scope.claim.name = scope
	sasl.oauthbearer.sub.claim.name = sub
	sasl.oauthbearer.token.endpoint.url = null
	sasl.server.callback.handler.class = null
	sasl.server.max.receive.size = 524288
	security.inter.broker.protocol = PLAINTEXT
	security.providers = null
	server.max.startup.time.ms = 600000
	share.coordinator.append.linger.ms = 5
	share.coordinator.cold.partition.snapshot.interval.ms = 300000
	share.coordinator.load.buffer.size = 5242880
	share.coordinator.snapshot.update.records.per.snapshot = 500
	share.coordinator.state.topic.compression.codec = 0
	share.coordinator.state.topic.min.isr = 2
	share.coordinator.state.topic.num.partitions = 50
	share.coordinator.state.topic.prune.interval.ms = 300000
	share.coordinator.state.topic.replication.factor = 3
	share.coordinator.state.topic.segment.bytes = 104857600
	share.coordinator.threads = 1
	share.coordinator.write.timeout.ms = 5000
	share.fetch.purgatory.purge.interval.requests = 1000
	socket.connection.setup.timeout.max.ms = 30000
	socket.connection.setup.timeout.ms = 10000
	socket.listen.backlog.size = 50
	socket.receive.buffer.bytes = 102400
	socket.request.max.bytes = 104857600
	socket.send.buffer.bytes = 102400
	ssl.allow.dn.changes = false
	ssl.allow.san.changes = false
	ssl.cipher.suites = []
	ssl.client.auth = none
	ssl.enabled.protocols = [TLSv1.2, TLSv1.3]
	ssl.endpoint.identification.algorithm = https
	ssl.engine.factory.class = null
	ssl.key.password = null
	ssl.keymanager.algorithm = SunX509
	ssl.keystore.certificate.chain = null
	ssl.keystore.key = null
	ssl.keystore.location = null
	ssl.keystore.password = null
	ssl.keystore.type = JKS
	ssl.principal.mapping.rules = DEFAULT
	ssl.protocol = TLSv1.3
	ssl.provider = null
	ssl.secure.random.implementation = null
	ssl.trustmanager.algorithm = PKIX
	ssl.truststore.certificates = null
	ssl.truststore.location = null
	ssl.truststore.password = null
	ssl.truststore.type = JKS
	telemetry.max.bytes = 1048576
	transaction.abort.timed.out.transaction.cleanup.interval.ms = 10000
	transaction.max.timeout.ms = 900000
	transaction.partition.verification.enable = true
	transaction.remove.expired.transaction.cleanup.interval.ms = 3600000
	transaction.state.log.load.buffer.size = 5242880
	transaction.state.log.min.isr = 2
	transaction.state.log.num.partitions = 50
	transaction.state.log.replication.factor = 1
	transaction.state.log.segment.bytes = 104857600
	transaction.two.phase.commit.enable = false
	transactional.id.expiration.ms = 604800000
	unclean.leader.election.enable = false
	unclean.leader.election.interval.ms = 300000
	unstable.api.versions.enable = true
	unstable.feature.versions.enable = true

2026-01-29T19:18:09.741-03:00  INFO 36800 --- [ms-processor] [r-event-handler] k.s.metadata.BrokerMetadataPublisher     : [BrokerMetadataPublisher id=0] Feature share.version has been updated to version 1
2026-01-29T19:18:09.741-03:00  INFO 36800 --- [ms-processor] [r-event-handler] o.a.kafka.image.loader.MetadataLoader    : [MetadataLoader id=0] InitializeNewPublishers: initializing BrokerRegistrationTracker(id=0) with a snapshot at offset 9
2026-01-29T19:18:09.743-03:00  INFO 36800 --- [ms-processor] [r-event-handler] k.server.ControllerRegistrationManager   : [ControllerRegistrationManager id=0 incarnation=jX-QIoonRQ2RazWvNvfFmQ] Our registration has been persisted to the metadata log.
2026-01-29T19:18:09.751-03:00  INFO 36800 --- [ms-processor] [r-event-handler] kafka.server.BrokerLifecycleManager      : [BrokerLifecycleManager id=0] The broker has caught up. Transitioning from STARTING to RECOVERY.
2026-01-29T19:18:09.751-03:00  INFO 36800 --- [ms-processor] [ster-test-kit-4] kafka.server.BrokerServer                : [BrokerServer id=0] Finished waiting for the controller to acknowledge that we are caught up
2026-01-29T19:18:09.751-03:00  INFO 36800 --- [ms-processor] [ster-test-kit-4] kafka.server.BrokerServer                : [BrokerServer id=0] Waiting for the initial broker metadata update to be published
2026-01-29T19:18:09.751-03:00  INFO 36800 --- [ms-processor] [ster-test-kit-4] kafka.server.BrokerServer                : [BrokerServer id=0] Finished waiting for the initial broker metadata update to be published
2026-01-29T19:18:09.752-03:00  INFO 36800 --- [ms-processor] [ster-test-kit-4] o.a.kafka.common.config.AbstractConfig   : KafkaConfig values: 
	add.partitions.to.txn.retry.backoff.max.ms = 100
	add.partitions.to.txn.retry.backoff.ms = 20
	advertised.listeners = null
	alter.config.policy.class.name = null
	alter.log.dirs.replication.quota.window.num = 11
	alter.log.dirs.replication.quota.window.size.seconds = 1
	authorizer.class.name = 
	auto.create.topics.enable = true
	auto.leader.rebalance.enable = true
	background.threads = 10
	broker.heartbeat.interval.ms = 2000
	broker.id = 0
	broker.rack = null
	broker.session.timeout.ms = 9000
	client.quota.callback.class = null
	compression.gzip.level = -1
	compression.lz4.level = 9
	compression.type = producer
	compression.zstd.level = 3
	connection.failed.authentication.delay.ms = 100
	connections.max.idle.ms = 600000
	connections.max.reauth.ms = 0
	controlled.shutdown.enable = true
	controller.listener.names = CONTROLLER
	controller.performance.always.log.threshold.ms = 2000
	controller.performance.sample.period.ms = 60000
	controller.quorum.append.linger.ms = 25
	controller.quorum.bootstrap.servers = []
	controller.quorum.election.backoff.max.ms = 1000
	controller.quorum.election.timeout.ms = 1000
	controller.quorum.fetch.timeout.ms = 2000
	controller.quorum.request.timeout.ms = 2000
	controller.quorum.retry.backoff.ms = 20
	controller.quorum.voters = [0@localhost:55705]
	controller.quota.window.num = 11
	controller.quota.window.size.seconds = 1
	controller.socket.timeout.ms = 30000
	create.topic.policy.class.name = null
	default.replication.factor = 1
	delegation.token.expiry.check.interval.ms = 3600000
	delegation.token.expiry.time.ms = 86400000
	delegation.token.max.lifetime.ms = 604800000
	delegation.token.secret.key = null
	delete.records.purgatory.purge.interval.requests = 1
	delete.topic.enable = true
	early.start.listeners = null
	fetch.max.bytes = 57671680
	fetch.purgatory.purge.interval.requests = 1000
	group.consumer.assignors = [uniform, range]
	group.consumer.heartbeat.interval.ms = 5000
	group.consumer.max.heartbeat.interval.ms = 15000
	group.consumer.max.session.timeout.ms = 60000
	group.consumer.max.size = 2147483647
	group.consumer.migration.policy = bidirectional
	group.consumer.min.heartbeat.interval.ms = 5000
	group.consumer.min.session.timeout.ms = 45000
	group.consumer.regex.refresh.interval.ms = 600000
	group.consumer.session.timeout.ms = 45000
	group.coordinator.append.linger.ms = 5
	group.coordinator.rebalance.protocols = [classic, consumer, streams]
	group.coordinator.threads = 4
	group.initial.rebalance.delay.ms = 0
	group.max.session.timeout.ms = 1800000
	group.max.size = 2147483647
	group.min.session.timeout.ms = 6000
	group.share.assignors = [simple]
	group.share.delivery.count.limit = 5
	group.share.enable = false
	group.share.heartbeat.interval.ms = 5000
	group.share.max.heartbeat.interval.ms = 15000
	group.share.max.record.lock.duration.ms = 60000
	group.share.max.session.timeout.ms = 60000
	group.share.max.share.sessions = 2000
	group.share.max.size = 200
	group.share.min.heartbeat.interval.ms = 5000
	group.share.min.record.lock.duration.ms = 15000
	group.share.min.session.timeout.ms = 45000
	group.share.partition.max.record.locks = 2000
	group.share.persister.class.name = org.apache.kafka.server.share.persister.DefaultStatePersister
	group.share.record.lock.duration.ms = 30000
	group.share.session.timeout.ms = 45000
	group.streams.heartbeat.interval.ms = 5000
	group.streams.max.heartbeat.interval.ms = 15000
	group.streams.max.session.timeout.ms = 60000
	group.streams.max.size = 2147483647
	group.streams.max.standby.replicas = 2
	group.streams.min.heartbeat.interval.ms = 5000
	group.streams.min.session.timeout.ms = 45000
	group.streams.num.standby.replicas = 0
	group.streams.session.timeout.ms = 45000
	initial.broker.registration.timeout.ms = 60000
	inter.broker.listener.name = EXTERNAL
	internal.metadata.delete.delay.millis = 60000
	internal.metadata.log.segment.bytes = null
	internal.metadata.max.batch.size.in.bytes = 8388608
	internal.metadata.max.fetch.size.in.bytes = 8388608
	kafka.metrics.polling.interval.secs = 10
	kafka.metrics.reporters = []
	leader.imbalance.check.interval.seconds = 300
	listener.security.protocol.map = EXTERNAL:PLAINTEXT,CONTROLLER:PLAINTEXT
	listeners = EXTERNAL://localhost:0,CONTROLLER://localhost:0
	log.cleaner.backoff.ms = 15000
	log.cleaner.dedupe.buffer.size = 2097152
	log.cleaner.delete.retention.ms = 86400000
	log.cleaner.enable = true
	log.cleaner.io.buffer.load.factor = 0.9
	log.cleaner.io.buffer.size = 524288
	log.cleaner.io.max.bytes.per.second = 1.7976931348623157E308
	log.cleaner.max.compaction.lag.ms = 9223372036854775807
	log.cleaner.min.cleanable.ratio = 0.5
	log.cleaner.min.compaction.lag.ms = 0
	log.cleaner.threads = 1
	log.cleanup.policy = [delete]
	log.dir = /tmp/kafka-logs
	log.dir.failure.timeout.ms = 30000
	log.dirs = C:\Users\isa\AppData\Local\Temp\kafka-17372133619427575320\combined_0_0
	log.flush.interval.messages = 9223372036854775807
	log.flush.interval.ms = null
	log.flush.offset.checkpoint.interval.ms = 60000
	log.flush.scheduler.interval.ms = 9223372036854775807
	log.flush.start.offset.checkpoint.interval.ms = 60000
	log.index.interval.bytes = 4096
	log.index.size.max.bytes = 10485760
	log.initial.task.delay.ms = 30000
	log.local.retention.bytes = -2
	log.local.retention.ms = -2
	log.message.timestamp.after.max.ms = 3600000
	log.message.timestamp.before.max.ms = 9223372036854775807
	log.message.timestamp.type = CreateTime
	log.preallocate = false
	log.retention.bytes = -1
	log.retention.check.interval.ms = 300000
	log.retention.hours = 168
	log.retention.minutes = null
	log.retention.ms = null
	log.roll.hours = 168
	log.roll.jitter.hours = 0
	log.roll.jitter.ms = null
	log.roll.ms = null
	log.segment.bytes = 1073741824
	log.segment.delete.delay.ms = 60000
	max.connection.creation.rate = 2147483647
	max.connections = 2147483647
	max.connections.per.ip = 2147483647
	max.connections.per.ip.overrides = 
	max.incremental.fetch.session.cache.slots = 1000
	max.request.partition.size.limit = 2000
	message.max.bytes = 1048588
	metadata.log.dir = C:\Users\isa\AppData\Local\Temp\kafka-17372133619427575320\combined_0_0
	metadata.log.max.record.bytes.between.snapshots = 20971520
	metadata.log.max.snapshot.interval.ms = 3600000
	metadata.log.segment.bytes = 1073741824
	metadata.log.segment.ms = 604800000
	metadata.max.idle.interval.ms = 500
	metadata.max.retention.bytes = 104857600
	metadata.max.retention.ms = 604800000
	metric.reporters = [org.apache.kafka.common.metrics.JmxReporter]
	metrics.num.samples = 2
	metrics.recording.level = INFO
	metrics.sample.window.ms = 30000
	min.insync.replicas = 1
	node.id = 0
	num.io.threads = 8
	num.network.threads = 3
	num.partitions = 1
	num.recovery.threads.per.data.dir = 2
	num.replica.alter.log.dirs.threads = null
	num.replica.fetchers = 1
	offset.metadata.max.bytes = 4096
	offsets.commit.timeout.ms = 5000
	offsets.load.buffer.size = 5242880
	offsets.retention.check.interval.ms = 600000
	offsets.retention.minutes = 10080
	offsets.topic.compression.codec = 0
	offsets.topic.num.partitions = 50
	offsets.topic.replication.factor = 1
	offsets.topic.segment.bytes = 104857600
	principal.builder.class = class org.apache.kafka.common.security.authenticator.DefaultKafkaPrincipalBuilder
	process.roles = [broker, controller]
	producer.id.expiration.check.interval.ms = 600000
	producer.id.expiration.ms = 86400000
	producer.purgatory.purge.interval.requests = 1000
	queued.max.request.bytes = -1
	queued.max.requests = 500
	quota.window.num = 11
	quota.window.size.seconds = 1
	remote.fetch.max.wait.ms = 500
	remote.list.offsets.request.timeout.ms = 30000
	remote.log.index.file.cache.total.size.bytes = 1073741824
	remote.log.manager.copier.thread.pool.size = 10
	remote.log.manager.copy.max.bytes.per.second = 9223372036854775807
	remote.log.manager.copy.quota.window.num = 11
	remote.log.manager.copy.quota.window.size.seconds = 1
	remote.log.manager.expiration.thread.pool.size = 10
	remote.log.manager.fetch.max.bytes.per.second = 9223372036854775807
	remote.log.manager.fetch.quota.window.num = 11
	remote.log.manager.fetch.quota.window.size.seconds = 1
	remote.log.manager.task.interval.ms = 30000
	remote.log.manager.task.retry.backoff.max.ms = 30000
	remote.log.manager.task.retry.backoff.ms = 500
	remote.log.manager.task.retry.jitter = 0.2
	remote.log.manager.thread.pool.size = 2
	remote.log.metadata.custom.metadata.max.bytes = 128
	remote.log.metadata.manager.class.name = org.apache.kafka.server.log.remote.metadata.storage.TopicBasedRemoteLogMetadataManager
	remote.log.metadata.manager.class.path = null
	remote.log.metadata.manager.impl.prefix = rlmm.config.
	remote.log.metadata.manager.listener.name = null
	remote.log.reader.max.pending.tasks = 100
	remote.log.reader.threads = 10
	remote.log.storage.manager.class.name = null
	remote.log.storage.manager.class.path = null
	remote.log.storage.manager.impl.prefix = rsm.config.
	remote.log.storage.system.enable = false
	replica.fetch.backoff.ms = 1000
[...]
2026-01-29T19:18:12.418-03:00  INFO 36800 --- [ms-processor] [r-event-handler] kafka.log.LogManager                     : Created log for partition __consumer_offsets-46 in C:\Users\isa\AppData\Local\Temp\kafka-17372133619427575320\combined_0_0\__consumer_offsets-46 with properties {cleanup.policy=compact, compression.type="producer", segment.bytes=104857600}
2026-01-29T19:18:12.418-03:00  INFO 36800 --- [ms-processor] [r-event-handler] kafka.cluster.Partition                  : [Partition __consumer_offsets-46 broker=0] No checkpointed highwatermark is found for partition __consumer_offsets-46
2026-01-29T19:18:12.418-03:00  INFO 36800 --- [ms-processor] [r-event-handler] kafka.cluster.Partition                  : [Partition __consumer_offsets-46 broker=0] Log loaded for partition __consumer_offsets-46 with initial high watermark 0
2026-01-29T19:18:12.418-03:00  INFO 36800 --- [ms-processor] [r-event-handler] state.change.logger                      : [Broker id=0] Leader __consumer_offsets-46 with topic id Some(R6A-mpKqSrKv7R0sFk4plw) starts at leader epoch 0 from offset 0 with partition epoch 0, high watermark 0, ISR [0], adding replicas [] and removing replicas [] . Previous leader None and previous leader epoch was -1.
2026-01-29T19:18:12.421-03:00  INFO 36800 --- [ms-processor] [r-event-handler] state.change.logger                      : [Broker id=0] Creating new partition __consumer_offsets-9 with topic id R6A-mpKqSrKv7R0sFk4plw.
2026-01-29T19:18:12.426-03:00  INFO 36800 --- [ms-processor] [r-event-handler] o.a.k.storage.internals.log.UnifiedLog   : [LogLoader partition=__consumer_offsets-9, dir=C:\Users\isa\AppData\Local\Temp\kafka-17372133619427575320\combined_0_0] Loading producer state till offset 0
2026-01-29T19:18:12.427-03:00  INFO 36800 --- [ms-processor] [r-event-handler] kafka.log.LogManager                     : Created log for partition __consumer_offsets-9 in C:\Users\isa\AppData\Local\Temp\kafka-17372133619427575320\combined_0_0\__consumer_offsets-9 with properties {cleanup.policy=compact, compression.type="producer", segment.bytes=104857600}
2026-01-29T19:18:12.427-03:00  INFO 36800 --- [ms-processor] [r-event-handler] kafka.cluster.Partition                  : [Partition __consumer_offsets-9 broker=0] No checkpointed highwatermark is found for partition __consumer_offsets-9
2026-01-29T19:18:12.427-03:00  INFO 36800 --- [ms-processor] [r-event-handler] kafka.cluster.Partition                  : [Partition __consumer_offsets-9 broker=0] Log loaded for partition __consumer_offsets-9 with initial high watermark 0
2026-01-29T19:18:12.428-03:00  INFO 36800 --- [ms-processor] [r-event-handler] state.change.logger                      : [Broker id=0] Leader __consumer_offsets-9 with topic id Some(R6A-mpKqSrKv7R0sFk4plw) starts at leader epoch 0 from offset 0 with partition epoch 0, high watermark 0, ISR [0], adding replicas [] and removing replicas [] . Previous leader None and previous leader epoch was -1.
2026-01-29T19:18:12.431-03:00  INFO 36800 --- [ms-processor] [r-event-handler] state.change.logger                      : [Broker id=0] Creating new partition __consumer_offsets-42 with topic id R6A-mpKqSrKv7R0sFk4plw.
2026-01-29T19:18:12.436-03:00  INFO 36800 --- [ms-processor] [r-event-handler] o.a.k.storage.internals.log.UnifiedLog   : [LogLoader partition=__consumer_offsets-42, dir=C:\Users\isa\AppData\Local\Temp\kafka-17372133619427575320\combined_0_0] Loading producer state till offset 0
2026-01-29T19:18:12.437-03:00  INFO 36800 --- [ms-processor] [r-event-handler] kafka.log.LogManager                     : Created log for partition __consumer_offsets-42 in C:\Users\isa\AppData\Local\Temp\kafka-17372133619427575320\combined_0_0\__consumer_offsets-42 with properties {cleanup.policy=compact, compression.type="producer", segment.bytes=104857600}
2026-01-29T19:18:12.438-03:00  INFO 36800 --- [ms-processor] [r-event-handler] kafka.cluster.Partition                  : [Partition __consumer_offsets-42 broker=0] No checkpointed highwatermark is found for partition __consumer_offsets-42
2026-01-29T19:18:12.438-03:00  INFO 36800 --- [ms-processor] [r-event-handler] kafka.cluster.Partition                  : [Partition __consumer_offsets-42 broker=0] Log loaded for partition __consumer_offsets-42 with initial high watermark 0
2026-01-29T19:18:12.438-03:00  INFO 36800 --- [ms-processor] [r-event-handler] state.change.logger                      : [Broker id=0] Leader __consumer_offsets-42 with topic id Some(R6A-mpKqSrKv7R0sFk4plw) starts at leader epoch 0 from offset 0 with partition epoch 0, high watermark 0, ISR [0], adding replicas [] and removing replicas [] . Previous leader None and previous leader epoch was -1.
2026-01-29T19:18:12.440-03:00  INFO 36800 --- [ms-processor] [r-event-handler] state.change.logger                      : [Broker id=0] Creating new partition __consumer_offsets-21 with topic id R6A-mpKqSrKv7R0sFk4plw.
2026-01-29T19:18:12.446-03:00  INFO 36800 --- [ms-processor] [r-event-handler] o.a.k.storage.internals.log.UnifiedLog   : [LogLoader partition=__consumer_offsets-21, dir=C:\Users\isa\AppData\Local\Temp\kafka-17372133619427575320\combined_0_0] Loading producer state till offset 0
2026-01-29T19:18:12.447-03:00  INFO 36800 --- [ms-processor] [r-event-handler] kafka.log.LogManager                     : Created log for partition __consumer_offsets-21 in C:\Users\isa\AppData\Local\Temp\kafka-17372133619427575320\combined_0_0\__consumer_offsets-21 with properties {cleanup.policy=compact, compression.type="producer", segment.bytes=104857600}
2026-01-29T19:18:12.447-03:00  INFO 36800 --- [ms-processor] [r-event-handler] kafka.cluster.Partition                  : [Partition __consumer_offsets-21 broker=0] No checkpointed highwatermark is found for partition __consumer_offsets-21
2026-01-29T19:18:12.447-03:00  INFO 36800 --- [ms-processor] [r-event-handler] kafka.cluster.Partition                  : [Partition __consumer_offsets-21 broker=0] Log loaded for partition __consumer_offsets-21 with initial high watermark 0
2026-01-29T19:18:12.447-03:00  INFO 36800 --- [ms-processor] [r-event-handler] state.change.logger                      : [Broker id=0] Leader __consumer_offsets-21 with topic id Some(R6A-mpKqSrKv7R0sFk4plw) starts at leader epoch 0 from offset 0 with partition epoch 0, high watermark 0, ISR [0], adding replicas [] and removing replicas [] . Previous leader None and previous leader epoch was -1.
2026-01-29T19:18:12.451-03:00  INFO 36800 --- [ms-processor] [r-event-handler] state.change.logger                      : [Broker id=0] Creating new partition __consumer_offsets-17 with topic id R6A-mpKqSrKv7R0sFk4plw.
2026-01-29T19:18:12.468-03:00  INFO 36800 --- [ms-processor] [r-event-handler] o.a.k.storage.internals.log.UnifiedLog   : [LogLoader partition=__consumer_offsets-17, dir=C:\Users\isa\AppData\Local\Temp\kafka-17372133619427575320\combined_0_0] Loading producer state till offset 0
2026-01-29T19:18:12.469-03:00  INFO 36800 --- [ms-processor] [r-event-handler] kafka.log.LogManager                     : Created log for partition __consumer_offsets-17 in C:\Users\isa\AppData\Local\Temp\kafka-17372133619427575320\combined_0_0\__consumer_offsets-17 with properties {cleanup.policy=compact, compression.type="producer", segment.bytes=104857600}
2026-01-29T19:18:12.470-03:00  INFO 36800 --- [ms-processor] [r-event-handler] kafka.cluster.Partition                  : [Partition __consumer_offsets-17 broker=0] No checkpointed highwatermark is found for partition __consumer_offsets-17
2026-01-29T19:18:12.470-03:00  INFO 36800 --- [ms-processor] [r-event-handler] kafka.cluster.Partition                  : [Partition __consumer_offsets-17 broker=0] Log loaded for partition __consumer_offsets-17 with initial high watermark 0
2026-01-29T19:18:12.470-03:00  INFO 36800 --- [ms-processor] [r-event-handler] state.change.logger                      : [Broker id=0] Leader __consumer_offsets-17 with topic id Some(R6A-mpKqSrKv7R0sFk4plw) starts at leader epoch 0 from offset 0 with partition epoch 0, high watermark 0, ISR [0], adding replicas [] and removing replicas [] . Previous leader None and previous leader epoch was -1.
2026-01-29T19:18:12.472-03:00  INFO 36800 --- [ms-processor] [r-event-handler] state.change.logger                      : [Broker id=0] Creating new partition __consumer_offsets-30 with topic id R6A-mpKqSrKv7R0sFk4plw.
2026-01-29T19:18:12.474-03:00  INFO 36800 --- [ms-processor] [ntainer#0-0-C-1] o.a.k.c.c.internals.ConsumerCoordinator  : [Consumer clientId=consumer-processor-group-test-1, groupId=processor-group-test] Discovered group coordinator localhost:55706 (id: 2147483647 rack: null isFenced: false)
2026-01-29T19:18:12.476-03:00  INFO 36800 --- [ms-processor] [ntainer#0-0-C-1] o.a.k.c.c.internals.ConsumerCoordinator  : [Consumer clientId=consumer-processor-group-test-1, groupId=processor-group-test] (Re-)joining group
2026-01-29T19:18:12.492-03:00  INFO 36800 --- [ms-processor] [r-event-handler] o.a.k.storage.internals.log.UnifiedLog   : [LogLoader partition=__consumer_offsets-30, dir=C:\Users\isa\AppData\Local\Temp\kafka-17372133619427575320\combined_0_0] Loading producer state till offset 0
2026-01-29T19:18:12.493-03:00  INFO 36800 --- [ms-processor] [r-event-handler] kafka.log.LogManager                     : Created log for partition __consumer_offsets-30 in C:\Users\isa\AppData\Local\Temp\kafka-17372133619427575320\combined_0_0\__consumer_offsets-30 with properties {cleanup.policy=compact, compression.type="producer", segment.bytes=104857600}
2026-01-29T19:18:12.493-03:00  INFO 36800 --- [ms-processor] [r-event-handler] kafka.cluster.Partition                  : [Partition __consumer_offsets-30 broker=0] No checkpointed highwatermark is found for partition __consumer_offsets-30
2026-01-29T19:18:12.494-03:00  INFO 36800 --- [ms-processor] [r-event-handler] kafka.cluster.Partition                  : [Partition __consumer_offsets-30 broker=0] Log loaded for partition __consumer_offsets-30 with initial high watermark 0
2026-01-29T19:18:12.494-03:00  INFO 36800 --- [ms-processor] [r-event-handler] state.change.logger                      : [Broker id=0] Leader __consumer_offsets-30 with topic id Some(R6A-mpKqSrKv7R0sFk4plw) starts at leader epoch 0 from offset 0 with partition epoch 0, high watermark 0, ISR [0], adding replicas [] and removing replicas [] . Previous leader None and previous leader epoch was -1.
2026-01-29T19:18:12.496-03:00  INFO 36800 --- [ms-processor] [r-event-handler] state.change.logger                      : [Broker id=0] Creating new partition __consumer_offsets-26 with topic id R6A-mpKqSrKv7R0sFk4plw.
2026-01-29T19:18:12.503-03:00  INFO 36800 --- [ms-processor] [r-event-handler] o.a.k.storage.internals.log.UnifiedLog   : [LogLoader partition=__consumer_offsets-26, dir=C:\Users\isa\AppData\Local\Temp\kafka-17372133619427575320\combined_0_0] Loading producer state till offset 0
2026-01-29T19:18:12.505-03:00  INFO 36800 --- [ms-processor] [r-event-handler] kafka.log.LogManager                     : Created log for partition __consumer_offsets-26 in C:\Users\isa\AppData\Local\Temp\kafka-17372133619427575320\combined_0_0\__consumer_offsets-26 with properties {cleanup.policy=compact, compression.type="producer", segment.bytes=104857600}
2026-01-29T19:18:12.505-03:00  INFO 36800 --- [ms-processor] [r-event-handler] kafka.cluster.Partition                  : [Partition __consumer_offsets-26 broker=0] No checkpointed highwatermark is found for partition __consumer_offsets-26
2026-01-29T19:18:12.505-03:00  INFO 36800 --- [ms-processor] [r-event-handler] kafka.cluster.Partition                  : [Partition __consumer_offsets-26 broker=0] Log loaded for partition __consumer_offsets-26 with initial high watermark 0
2026-01-29T19:18:12.506-03:00  INFO 36800 --- [ms-processor] [r-event-handler] state.change.logger                      : [Broker id=0] Leader __consumer_offsets-26 with topic id Some(R6A-mpKqSrKv7R0sFk4plw) starts at leader epoch 0 from offset 0 with partition epoch 0, high watermark 0, ISR [0], adding replicas [] and removing replicas [] . Previous leader None and previous leader epoch was -1.
2026-01-29T19:18:12.509-03:00  INFO 36800 --- [ms-processor] [r-event-handler] state.change.logger                      : [Broker id=0] Creating new partition __consumer_offsets-5 with topic id R6A-mpKqSrKv7R0sFk4plw.
2026-01-29T19:18:12.511-03:00  INFO 36800 --- [ms-processor] [ntainer#0-0-C-1] o.a.k.c.c.internals.ConsumerCoordinator  : [Consumer clientId=consumer-processor-group-test-1, groupId=processor-group-test] Group coordinator localhost:55706 (id: 2147483647 rack: null isFenced: false) is unavailable or invalid due to cause: error response NOT_COORDINATOR. isDisconnected: false. Rediscovery will be attempted.
2026-01-29T19:18:12.511-03:00  INFO 36800 --- [ms-processor] [ntainer#0-0-C-1] o.a.k.c.c.internals.ConsumerCoordinator  : [Consumer clientId=consumer-processor-group-test-1, groupId=processor-group-test] Requesting disconnect from last known coordinator localhost:55706 (id: 2147483647 rack: null isFenced: false)
2026-01-29T19:18:12.512-03:00  INFO 36800 --- [ms-processor] [ntainer#0-0-C-1] o.a.k.c.c.internals.ConsumerCoordinator  : [Consumer clientId=consumer-processor-group-test-1, groupId=processor-group-test] JoinGroup failed: This is not the correct coordinator. Marking coordinator unknown. Sent generation was Generation{generationId=-1, memberId='', protocol='null'}
2026-01-29T19:18:12.512-03:00  INFO 36800 --- [ms-processor] [ntainer#0-0-C-1] org.apache.kafka.clients.NetworkClient   : [Consumer clientId=consumer-processor-group-test-1, groupId=processor-group-test] Client requested disconnect from node 2147483647
2026-01-29T19:18:12.515-03:00  INFO 36800 --- [ms-processor] [r-event-handler] o.a.k.storage.internals.log.UnifiedLog   : [LogLoader partition=__consumer_offsets-5, dir=C:\Users\isa\AppData\Local\Temp\kafka-17372133619427575320\combined_0_0] Loading producer state till offset 0
2026-01-29T19:18:12.516-03:00  INFO 36800 --- [ms-processor] [r-event-handler] kafka.log.LogManager                     : Created log for partition __consumer_offsets-5 in C:\Users\isa\AppData\Local\Temp\kafka-17372133619427575320\combined_0_0\__consumer_offsets-5 with properties {cleanup.policy=compact, compression.type="producer", segment.bytes=104857600}
2026-01-29T19:18:12.516-03:00  INFO 36800 --- [ms-processor] [ntainer#0-0-C-1] o.a.k.c.c.internals.ConsumerCoordinator  : [Consumer clientId=consumer-processor-group-test-1, groupId=processor-group-test] Discovered group coordinator localhost:55706 (id: 2147483647 rack: null isFenced: false)
2026-01-29T19:18:12.516-03:00  INFO 36800 --- [ms-processor] [r-event-handler] kafka.cluster.Partition                  : [Partition __consumer_offsets-5 broker=0] No checkpointed highwatermark is found for partition __consumer_offsets-5
2026-01-29T19:18:12.516-03:00  INFO 36800 --- [ms-processor] [r-event-handler] kafka.cluster.Partition                  : [Partition __consumer_offsets-5 broker=0] Log loaded for partition __consumer_offsets-5 with initial high watermark 0
2026-01-29T19:18:12.516-03:00  INFO 36800 --- [ms-processor] [ntainer#0-0-C-1] o.a.k.c.c.internals.ConsumerCoordinator  : [Consumer clientId=consumer-processor-group-test-1, groupId=processor-group-test] Group coordinator localhost:55706 (id: 2147483647 rack: null isFenced: false) is unavailable or invalid due to cause: coordinator unavailable. isDisconnected: false. Rediscovery will be attempted.
2026-01-29T19:18:12.516-03:00  INFO 36800 --- [ms-processor] [ntainer#0-0-C-1] o.a.k.c.c.internals.ConsumerCoordinator  : [Consumer clientId=consumer-processor-group-test-1, groupId=processor-group-test] Requesting disconnect from last known coordinator localhost:55706 (id: 2147483647 rack: null isFenced: false)
2026-01-29T19:18:12.516-03:00  INFO 36800 --- [ms-processor] [r-event-handler] state.change.logger                      : [Broker id=0] Leader __consumer_offsets-5 with topic id Some(R6A-mpKqSrKv7R0sFk4plw) starts at leader epoch 0 from offset 0 with partition epoch 0, high watermark 0, ISR [0], adding replicas [] and removing replicas [] . Previous leader None and previous leader epoch was -1.
2026-01-29T19:18:12.519-03:00  INFO 36800 --- [ms-processor] [r-event-handler] state.change.logger                      : [Broker id=0] Creating new partition __consumer_offsets-38 with topic id R6A-mpKqSrKv7R0sFk4plw.
2026-01-29T19:18:12.525-03:00  INFO 36800 --- [ms-processor] [r-event-handler] o.a.k.storage.internals.log.UnifiedLog   : [LogLoader partition=__consumer_offsets-38, dir=C:\Users\isa\AppData\Local\Temp\kafka-17372133619427575320\combined_0_0] Loading producer state till offset 0
2026-01-29T19:18:12.525-03:00  INFO 36800 --- [ms-processor] [r-event-handler] kafka.log.LogManager                     : Created log for partition __consumer_offsets-38 in C:\Users\isa\AppData\Local\Temp\kafka-17372133619427575320\combined_0_0\__consumer_offsets-38 with properties {cleanup.policy=compact, compression.type="producer", segment.bytes=104857600}
2026-01-29T19:18:12.525-03:00  INFO 36800 --- [ms-processor] [r-event-handler] kafka.cluster.Partition                  : [Partition __consumer_offsets-38 broker=0] No checkpointed highwatermark is found for partition __consumer_offsets-38
2026-01-29T19:18:12.525-03:00  INFO 36800 --- [ms-processor] [r-event-handler] kafka.cluster.Partition                  : [Partition __consumer_offsets-38 broker=0] Log loaded for partition __consumer_offsets-38 with initial high watermark 0
2026-01-29T19:18:12.525-03:00  INFO 36800 --- [ms-processor] [r-event-handler] state.change.logger                      : [Broker id=0] Leader __consumer_offsets-38 with topic id Some(R6A-mpKqSrKv7R0sFk4plw) starts at leader epoch 0 from offset 0 with partition epoch 0, high watermark 0, ISR [0], adding replicas [] and removing replicas [] . Previous leader None and previous leader epoch was -1.
2026-01-29T19:18:12.529-03:00  INFO 36800 --- [ms-processor] [r-event-handler] state.change.logger                      : [Broker id=0] Creating new partition __consumer_offsets-1 with topic id R6A-mpKqSrKv7R0sFk4plw.
2026-01-29T19:18:12.534-03:00  INFO 36800 --- [ms-processor] [r-event-handler] o.a.k.storage.internals.log.UnifiedLog   : [LogLoader partition=__consumer_offsets-1, dir=C:\Users\isa\AppData\Local\Temp\kafka-17372133619427575320\combined_0_0] Loading producer state till offset 0
2026-01-29T19:18:12.534-03:00  INFO 36800 --- [ms-processor] [r-event-handler] kafka.log.LogManager                     : Created log for partition __consumer_offsets-1 in C:\Users\isa\AppData\Local\Temp\kafka-17372133619427575320\combined_0_0\__consumer_offsets-1 with properties {cleanup.policy=compact, compression.type="producer", segment.bytes=104857600}
2026-01-29T19:18:12.534-03:00  INFO 36800 --- [ms-processor] [r-event-handler] kafka.cluster.Partition                  : [Partition __consumer_offsets-1 broker=0] No checkpointed highwatermark is found for partition __consumer_offsets-1
2026-01-29T19:18:12.534-03:00  INFO 36800 --- [ms-processor] [r-event-handler] kafka.cluster.Partition                  : [Partition __consumer_offsets-1 broker=0] Log loaded for partition __consumer_offsets-1 with initial high watermark 0
2026-01-29T19:18:12.536-03:00  INFO 36800 --- [ms-processor] [r-event-handler] state.change.logger                      : [Broker id=0] Leader __consumer_offsets-1 with topic id Some(R6A-mpKqSrKv7R0sFk4plw) starts at leader epoch 0 from offset 0 with partition epoch 0, high watermark 0, ISR [0], adding replicas [] and removing replicas [] . Previous leader None and previous leader epoch was -1.
]]></system-out>
  </testcase>
</testsuite>