<?xml version="1.0" encoding="UTF-8"?>
<testsuite xmlns:xsi="http://www.w3.org/2001/XMLSchema-instance" xsi:noNamespaceSchemaLocation="https://maven.apache.org/surefire/maven-surefire-plugin/xsd/surefire-test-report-3.0.xsd" version="3.0" name="nttdata.personal.julius.api.application.service.TransactionProcessorServiceTest" time="0.911" tests="3" errors="0" skipped="0" failures="0">
  <properties>
[...]
</properties>
  <testcase name="shouldRejectTransactionWhenLimitExceeded" classname="nttdata.personal.julius.api.application.service.TransactionProcessorServiceTest" time="0.868">
    <system-out><![CDATA[19:18:07.568 [main] INFO nttdata.personal.julius.api.application.service.TransactionProcessorService -- Processando transação 1 para o usuário 1. Origem: ACCOUNT
19:18:07.575 [main] INFO nttdata.personal.julius.api.application.service.TransactionProcessorService -- Transação de conta (ACCOUNT). Validando limite...
]]></system-out>
    <system-err><![CDATA[Mockito is currently self-attaching to enable the inline-mock-maker. This will no longer work in future releases of the JDK. Please add Mockito as an agent to your build as described in Mockito's documentation: https://javadoc.io/doc/org.mockito/mockito-core/latest/org.mockito/org/mockito/Mockito.html#0.3
WARNING: A Java agent has been loaded dynamically (C:\Users\isa\.m2\repository\net\bytebuddy\byte-buddy-agent\1.17.8\byte-buddy-agent-1.17.8.jar)
WARNING: If a serviceability tool is in use, please run with -XX:+EnableDynamicAgentLoading to hide this warning
WARNING: If a serviceability tool is not in use, please run with -Djdk.instrument.traceUsage for more information
WARNING: Dynamic loading of agents will be disallowed by default in a future release
]]></system-err>
  </testcase>
  <testcase name="shouldApproveCashTransactionAutomatically" classname="nttdata.personal.julius.api.application.service.TransactionProcessorServiceTest" time="0.006">
    <system-out><![CDATA[19:18:07.675 [main] INFO nttdata.personal.julius.api.application.service.TransactionProcessorService -- Processando transação 1 para o usuário 1. Origem: CASH
19:18:07.675 [main] INFO nttdata.personal.julius.api.application.service.TransactionProcessorService -- Transação em dinheiro (CASH) aprovada automaticamente.
]]></system-out>
  </testcase>
  <testcase name="shouldProcessAndApproveTransaction" classname="nttdata.personal.julius.api.application.service.TransactionProcessorServiceTest" time="0.003">
    <system-out><![CDATA[19:18:07.680 [main] INFO nttdata.personal.julius.api.application.service.TransactionProcessorService -- Processando transação 1 para o usuário 1. Origem: ACCOUNT
19:18:07.681 [main] INFO nttdata.personal.julius.api.application.service.TransactionProcessorService -- Transação de conta (ACCOUNT). Validando limite...
]]></system-out>
  </testcase>
</testsuite>