<?xml version="1.0" encoding="UTF-8"?>
<testsuite xmlns:xsi="http://www.w3.org/2001/XMLSchema-instance" xsi:noNamespaceSchemaLocation="https://maven.apache.org/surefire/maven-surefire-plugin/xsd/surefire-test-report-3.0.xsd" version="3.0" name="nttdata.personal.julius.api.PersonalJuliusApiTransactionApplicationTests" time="6.933" tests="1" errors="0" skipped="0" failures="0">
  <properties>
[...]
</properties>
  <testcase name="contextLoads" classname="nttdata.personal.julius.api.PersonalJuliusApiTransactionApplicationTests" time="0.138">
    <system-out><![CDATA[19:17:59.013 [main] INFO org.springframework.test.context.support.AnnotationConfigContextLoaderUtils -- Could not detect default configuration classes for test class [nttdata.personal.julius.api.PersonalJuliusApiTransactionApplicationTests]: PersonalJuliusApiTransactionApplicationTests does not declare any static, non-private, non-final, nested classes annotated with @Configuration.
19:17:59.183 [main] INFO org.springframework.boot.test.context.SpringBootTestContextBootstrapper -- Found @SpringBootConfiguration nttdata.personal.julius.api.PersonalJuliusApiTransactionApplication for test class nttdata.personal.julius.api.PersonalJuliusApiTransactionApplicationTests
19:17:59.467 [main] INFO org.springframework.boot.devtools.restart.RestartApplicationListener -- Restart disabled due to context in which it is running

  .   ____          _            __ _ _
 /\\ / ___'_ __ _ _(_)_ __  __ _ \ \ \ \
( ( )\___ | '_ | '_| | '_ \/ _` | \ \ \ \
 \\/  ___)| |_)| | | | | || (_| |  ) ) ) )
  '  |____| .__|_| |_|_| |_\__, | / / / /
 =========|_|==============|___/=/_/_/_/

 :: Spring Boot ::                (v4.0.1)

2026-01-29T19:17:59.755-03:00  INFO 39756 --- [ms-transaction] [           main] onalJuliusApiTransactionApplicationTests : Starting PersonalJuliusApiTransactionApplicationTests using Java 21.0.9 with PID 39756 (started by isa in C:\Users\isa\NTTData\ms-transaction)
2026-01-29T19:17:59.756-03:00 DEBUG 39756 --- [ms-transaction] [           main] onalJuliusApiTransactionApplicationTests : Running with Spring Boot v4.0.1, Spring v7.0.2
2026-01-29T19:17:59.757-03:00  INFO 39756 --- [ms-transaction] [           main] onalJuliusApiTransactionApplicationTests : The following 1 profile is active: "test"
2026-01-29T19:18:00.917-03:00  INFO 39756 --- [ms-transaction] [           main] .s.d.r.c.RepositoryConfigurationDelegate : Bootstrapping Spring Data JPA repositories in DEFAULT mode.
2026-01-29T19:18:00.977-03:00  INFO 39756 --- [ms-transaction] [           main] .s.d.r.c.RepositoryConfigurationDelegate : Finished Spring Data repository scanning in 47 ms. Found 1 JPA repository interface.
2026-01-29T19:18:01.275-03:00  INFO 39756 --- [ms-transaction] [           main] o.s.cloud.context.scope.GenericScope     : BeanFactory id=bfa0368e-b8db-3cd2-9a84-36a0e0476c8c
2026-01-29T19:18:01.604-03:00  INFO 39756 --- [ms-transaction] [           main] org.hibernate.orm.jpa                    : HHH008540: Processing PersistenceUnitInfo [name: default]
2026-01-29T19:18:01.671-03:00  INFO 39756 --- [ms-transaction] [           main] org.hibernate.orm.core                   : HHH000001: Hibernate ORM core version 7.2.0.Final
2026-01-29T19:18:01.942-03:00  INFO 39756 --- [ms-transaction] [           main] o.s.o.j.p.SpringPersistenceUnitInfo      : No LoadTimeWeaver setup: ignoring JPA class transformer
2026-01-29T19:18:01.981-03:00  INFO 39756 --- [ms-transaction] [           main] com.zaxxer.hikari.HikariDataSource       : HikariPool-1 - Starting...
2026-01-29T19:18:02.128-03:00  INFO 39756 --- [ms-transaction] [           main] com.zaxxer.hikari.pool.HikariPool        : HikariPool-1 - Added connection conn0: url=jdbc:h2:mem:testdb user=SA
2026-01-29T19:18:02.130-03:00  INFO 39756 --- [ms-transaction] [           main] com.zaxxer.hikari.HikariDataSource       : HikariPool-1 - Start completed.
2026-01-29T19:18:02.150-03:00  WARN 39756 --- [ms-transaction] [           main] org.hibernate.orm.deprecation            : HHH90000025: H2Dialect does not need to be specified explicitly using 'hibernate.dialect' (remove the property setting and it will be selected by default)
2026-01-29T19:18:02.168-03:00  INFO 39756 --- [ms-transaction] [           main] org.hibernate.orm.connections.pooling    : HHH10001005: Database info:
	Database JDBC URL [jdbc:h2:mem:testdb]
	Database driver: H2 JDBC Driver
	Database dialect: H2Dialect
	Database version: 2.4.240
	Default catalog/schema: TESTDB/PUBLIC
	Autocommit mode: undefined/unknown
	Isolation level: READ_COMMITTED [default READ_COMMITTED]
	JDBC fetch size: 100
	Pool: DataSourceConnectionProvider
	Minimum pool size: undefined/unknown
	Maximum pool size: undefined/unknown
2026-01-29T19:18:02.777-03:00  INFO 39756 --- [ms-transaction] [           main] org.hibernate.orm.core                   : HHH000489: No JTA platform available (set 'hibernate.transaction.jta.platform' to enable JTA platform integration)
2026-01-29T19:18:02.795-03:00 DEBUG 39756 --- [ms-transaction] [           main] org.hibernate.SQL                        : 
    drop table if exists transactions cascade 
Hibernate: 
    drop table if exists transactions cascade 
2026-01-29T19:18:02.800-03:00 DEBUG 39756 --- [ms-transaction] [           main] org.hibernate.SQL                        : 
    create table transactions (
        amount numeric(38,2) not null,
        converted_amount numeric(38,2) not null,
        exchange_rate numeric(38,2),
        created_at timestamp(6) not null,
        id bigint generated by default as identity,
        user_id bigint not null,
        public_id uuid not null unique,
        currency varchar(255) not null,
        description varchar(255),
        category enum ('EDUCATION','FOOD','HEALTH','INVESTMENT','LEISURE','OTHER','SALARY','TRANSPORT') not null,
        origin enum ('ACCOUNT','CASH') not null,
        status enum ('APPROVED','PENDING','REJECTED') not null,
        type enum ('EXPENSE','EXTERNAL','INCOME') not null,
        primary key (id)
    )
Hibernate: 
    create table transactions (
        amount numeric(38,2) not null,
        converted_amount numeric(38,2) not null,
        exchange_rate numeric(38,2),
        created_at timestamp(6) not null,
        id bigint generated by default as identity,
        user_id bigint not null,
        public_id uuid not null unique,
        currency varchar(255) not null,
        description varchar(255),
        category enum ('EDUCATION','FOOD','HEALTH','INVESTMENT','LEISURE','OTHER','SALARY','TRANSPORT') not null,
        origin enum ('ACCOUNT','CASH') not null,
        status enum ('APPROVED','PENDING','REJECTED') not null,
        type enum ('EXPENSE','EXTERNAL','INCOME') not null,
        primary key (id)
    )
2026-01-29T19:18:02.810-03:00  INFO 39756 --- [ms-transaction] [           main] j.LocalContainerEntityManagerFactoryBean : Initialized JPA EntityManagerFactory for persistence unit 'default'
2026-01-29T19:18:02.897-03:00  INFO 39756 --- [ms-transaction] [           main] o.s.d.j.r.query.QueryEnhancerFactories   : Hibernate is in classpath; If applicable, HQL parser will be used.
2026-01-29T19:18:04.086-03:00  WARN 39756 --- [ms-transaction] [           main] JpaBaseConfiguration$JpaWebConfiguration : spring.jpa.open-in-view is enabled by default. Therefore, database queries may be performed during view rendering. Explicitly configure spring.jpa.open-in-view to disable this warning
2026-01-29T19:18:04.230-03:00  WARN 39756 --- [ms-transaction] [           main] .s.a.UserDetailsServiceAutoConfiguration : 

Using generated security password: ac5122b8-1b90-42d4-b16f-f6b932055a3b

This generated password is for development use only. Your security configuration must be updated before running your application in production.

2026-01-29T19:18:04.246-03:00  INFO 39756 --- [ms-transaction] [           main] r$InitializeUserDetailsManagerConfigurer : Global AuthenticationManager configured with UserDetailsService bean with name inMemoryUserDetailsManager
2026-01-29T19:18:05.177-03:00  INFO 39756 --- [ms-transaction] [           main] o.s.b.a.e.web.EndpointLinksResolver      : Exposing 1 endpoint beneath base path '/actuator'
2026-01-29T19:18:05.296-03:00  INFO 39756 --- [ms-transaction] [           main] o.a.kafka.common.config.AbstractConfig   : ConsumerConfig values: 
	allow.auto.create.topics = true
	auto.commit.interval.ms = 5000
	auto.offset.reset = latest
	bootstrap.servers = [localhost:9092]
	check.crcs = true
	client.dns.lookup = use_all_dns_ips
	client.id = consumer-transaction-result-group-1
	client.rack = 
	connections.max.idle.ms = 540000
	default.api.timeout.ms = 60000
	enable.auto.commit = false
	enable.metrics.push = true
	exclude.internal.topics = true
	fetch.max.bytes = 52428800
	fetch.max.wait.ms = 500
	fetch.min.bytes = 1
	group.id = transaction-result-group
	group.instance.id = null
	group.protocol = classic
	group.remote.assignor = null
	heartbeat.interval.ms = 3000
	interceptor.classes = []
	internal.leave.group.on.close = true
	internal.throw.on.fetch.stable.offset.unsupported = false
	isolation.level = read_uncommitted
	key.deserializer = class org.apache.kafka.common.serialization.StringDeserializer
	max.partition.fetch.bytes = 1048576
	max.poll.interval.ms = 300000
	max.poll.records = 500
	metadata.max.age.ms = 300000
	metadata.recovery.rebootstrap.trigger.ms = 300000
	metadata.recovery.strategy = rebootstrap
	metric.reporters = [org.apache.kafka.common.metrics.JmxReporter]
	metrics.num.samples = 2
	metrics.recording.level = INFO
	metrics.sample.window.ms = 30000
	partition.assignment.strategy = [class org.apache.kafka.clients.consumer.RangeAssignor, class org.apache.kafka.clients.consumer.CooperativeStickyAssignor]
	receive.buffer.bytes = 65536
	reconnect.backoff.max.ms = 1000
	reconnect.backoff.ms = 50
	request.timeout.ms = 30000
	retry.backoff.max.ms = 1000
	retry.backoff.ms = 100
	sasl.client.callback.handler.class = null
	sasl.jaas.config = null
	sasl.kerberos.kinit.cmd = /usr/bin/kinit
	sasl.kerberos.min.time.before.relogin = 60000
	sasl.kerberos.service.name = null
	sasl.kerberos.ticket.renew.jitter = 0.05
	sasl.kerberos.ticket.renew.window.factor = 0.8
	sasl.login.callback.handler.class = null
	sasl.login.class = null
	sasl.login.connect.timeout.ms = null
	sasl.login.read.timeout.ms = null
	sasl.login.refresh.buffer.seconds = 300
	sasl.login.refresh.min.period.seconds = 60
	sasl.login.refresh.window.factor = 0.8
	sasl.login.refresh.window.jitter = 0.05
	sasl.login.retry.backoff.max.ms = 10000
	sasl.login.retry.backoff.ms = 100
	sasl.mechanism = GSSAPI
	sasl.oauthbearer.assertion.algorithm = RS256
	sasl.oauthbearer.assertion.claim.aud = null
	sasl.oauthbearer.assertion.claim.exp.seconds = 300
	sasl.oauthbearer.assertion.claim.iss = null
	sasl.oauthbearer.assertion.claim.jti.include = false
	sasl.oauthbearer.assertion.claim.nbf.seconds = 60
	sasl.oauthbearer.assertion.claim.sub = null
	sasl.oauthbearer.assertion.file = null
	sasl.oauthbearer.assertion.private.key.file = null
	sasl.oauthbearer.assertion.private.key.passphrase = null
	sasl.oauthbearer.assertion.template.file = null
	sasl.oauthbearer.client.credentials.client.id = null
	sasl.oauthbearer.client.credentials.client.secret = null
	sasl.oauthbearer.clock.skew.seconds = 30
	sasl.oauthbearer.expected.audience = null
	sasl.oauthbearer.expected.issuer = null
	sasl.oauthbearer.header.urlencode = false
	sasl.oauthbearer.jwks.endpoint.refresh.ms = 3600000
	sasl.oauthbearer.jwks.endpoint.retry.backoff.max.ms = 10000
	sasl.oauthbearer.jwks.endpoint.retry.backoff.ms = 100
	sasl.oauthbearer.jwks.endpoint.url = null
	sasl.oauthbearer.jwt.retriever.class = class org.apache.kafka.common.security.oauthbearer.DefaultJwtRetriever
	sasl.oauthbearer.jwt.validator.class = class org.apache.kafka.common.security.oauthbearer.DefaultJwtValidator
	sasl.oauthbearer.scope = null
	sasl.oauthbearer.scope.claim.name = scope
	sasl.oauthbearer.sub.claim.name = sub
	sasl.oauthbearer.token.endpoint.url = null
	security.protocol = PLAINTEXT
	security.providers = null
	send.buffer.bytes = 131072
	session.timeout.ms = 45000
	share.acknowledgement.mode = implicit
	socket.connection.setup.timeout.max.ms = 30000
	socket.connection.setup.timeout.ms = 10000
	ssl.cipher.suites = null
	ssl.enabled.protocols = [TLSv1.2, TLSv1.3]
	ssl.endpoint.identification.algorithm = https
	ssl.engine.factory.class = null
	ssl.key.password = null
	ssl.keymanager.algorithm = SunX509
	ssl.keystore.certificate.chain = null
	ssl.keystore.key = null
	ssl.keystore.location = null
	ssl.keystore.password = null
	ssl.keystore.type = JKS
	ssl.protocol = TLSv1.3
	ssl.provider = null
	ssl.secure.random.implementation = null
	ssl.trustmanager.algorithm = PKIX
	ssl.truststore.certificates = null
	ssl.truststore.location = null
	ssl.truststore.password = null
	ssl.truststore.type = JKS
	value.deserializer = class org.springframework.kafka.support.serializer.JsonDeserializer

2026-01-29T19:18:05.330-03:00  INFO 39756 --- [ms-transaction] [           main] o.a.k.c.t.i.KafkaMetricsCollector        : initializing Kafka metrics collector
2026-01-29T19:18:05.474-03:00  INFO 39756 --- [ms-transaction] [           main] o.a.kafka.common.utils.AppInfoParser     : Kafka version: 4.1.1
2026-01-29T19:18:05.474-03:00  INFO 39756 --- [ms-transaction] [           main] o.a.kafka.common.utils.AppInfoParser     : Kafka commitId: be816b82d25370ce
2026-01-29T19:18:05.474-03:00  INFO 39756 --- [ms-transaction] [           main] o.a.kafka.common.utils.AppInfoParser     : Kafka startTimeMs: 1769725085472
2026-01-29T19:18:05.477-03:00  INFO 39756 --- [ms-transaction] [           main] o.a.k.c.c.i.ClassicKafkaConsumer         : [Consumer clientId=consumer-transaction-result-group-1, groupId=transaction-result-group] Subscribed to topic(s): transaction-processed
2026-01-29T19:18:05.493-03:00  INFO 39756 --- [ms-transaction] [           main] onalJuliusApiTransactionApplicationTests : Started PersonalJuliusApiTransactionApplicationTests in 6.036 seconds (process running for 8.108)
2026-01-29T19:18:05.504-03:00  WARN 39756 --- [ms-transaction] [           main] o.s.core.events.SpringDocAppInitializer  : SpringDoc /v3/api-docs endpoint is enabled by default. To disable it in production, set the property 'springdoc.api-docs.enabled=false'
2026-01-29T19:18:05.504-03:00  WARN 39756 --- [ms-transaction] [           main] o.s.core.events.SpringDocAppInitializer  : SpringDoc /swagger-ui.html endpoint is enabled by default. To disable it in production, set the property 'springdoc.swagger-ui.enabled=false'
]]></system-out>
  </testcase>
</testsuite>